Started by user [8mha:////4JpdPve3cyBpT8CBBWBCVCAae9otlH7ZLVq7H2bfqb6kAAAAlx+LCAAAAAAAAP9b85aBtbiIQTGjNKU4P08vOT+vOD8nVc83PyU1x6OyILUoJzMv2y+/JJUBAhiZGBgqihhk0NSjKDWzXb3RdlLBUSYGJk8GtpzUvPSSDB8G5tKinBIGIZ+sxLJE/ZzEvHT94JKizLx0a6BxUmjGOUNodHsLgAzWEgZu/dLi1CL9gsS8lEQACjKVYMAAAAA=[0mPanda
Running as SYSTEM
Building in workspace /var/jenkins_home/workspace/CI
The recommended git tool is: NONE
No credentials specified
 > git rev-parse --is-inside-work-tree # timeout=10
Fetching changes from the remote Git repository
 > git config remote.origin.url https://github.com/luki350/panda.git # timeout=10
Fetching upstream changes from https://github.com/luki350/panda.git
 > git --version # timeout=10
 > git --version # 'git version 2.20.1'
 > git fetch --tags --force --progress -- https://github.com/luki350/panda.git +refs/heads/*:refs/remotes/origin/* # timeout=10
 > git rev-parse refs/remotes/origin/feature/selenium^{commit} # timeout=10
 > git rev-parse feature/selenium^{commit} # timeout=10
Checking out Revision 7f53af8b3bbad07c881fa66692274f977bac62c2 (refs/remotes/origin/feature/selenium)
 > git config core.sparsecheckout # timeout=10
 > git checkout -f 7f53af8b3bbad07c881fa66692274f977bac62c2 # timeout=10
Commit message: "selenium grid"
First time build. Skipping changelog.
[CI] $ /var/jenkins_home/tools/hudson.tasks.Maven_MavenInstallation/auto_maven/bin/mvn install
[INFO] Scanning for projects...
Downloading from central: https://repo.maven.apache.org/maven2/org/apache/maven/wagon/wagon-ftp/3.4.1/wagon-ftp-3.4.1.pom
Progress (1): 2.2 kB                    Downloaded from central: https://repo.maven.apache.org/maven2/org/apache/maven/wagon/wagon-ftp/3.4.1/wagon-ftp-3.4.1.pom (2.2 kB at 5.3 kB/s)
Downloading from central: https://repo.maven.apache.org/maven2/org/apache/maven/wagon/wagon-providers/3.4.1/wagon-providers-3.4.1.pom
Progress (1): 2.7/2.8 kBProgress (1): 2.8 kB                        Downloaded from central: https://repo.maven.apache.org/maven2/org/apache/maven/wagon/wagon-providers/3.4.1/wagon-providers-3.4.1.pom (2.8 kB at 33 kB/s)
Downloading from central: https://repo.maven.apache.org/maven2/org/apache/maven/wagon/wagon/3.4.1/wagon-3.4.1.pom
Progress (1): 2.7/21 kBProgress (1): 5.5/21 kBProgress (1): 8.2/21 kBProgress (1): 11/21 kB Progress (1): 14/21 kBProgress (1): 16/21 kBProgress (1): 19/21 kBProgress (1): 21 kB                      Downloaded from central: https://repo.maven.apache.org/maven2/org/apache/maven/wagon/wagon/3.4.1/wagon-3.4.1.pom (21 kB at 70 kB/s)
Downloading from central: https://repo.maven.apache.org/maven2/org/apache/maven/maven-parent/34/maven-parent-34.pom
Progress (1): 2.7/43 kBProgress (1): 5.5/43 kBProgress (1): 8.2/43 kBProgress (1): 11/43 kB Progress (1): 14/43 kBProgress (1): 16/43 kBProgress (1): 19/43 kBProgress (1): 22/43 kBProgress (1): 25/43 kBProgress (1): 27/43 kBProgress (1): 30/43 kBProgress (1): 33/43 kBProgress (1): 36/43 kBProgress (1): 38/43 kBProgress (1): 41/43 kBProgress (1): 43 kB                      Downloaded from central: https://repo.maven.apache.org/maven2/org/apache/maven/maven-parent/34/maven-parent-34.pom (43 kB at 348 kB/s)
Downloading from central: https://repo.maven.apache.org/maven2/org/apache/apache/23/apache-23.pom
Progress (1): 2.7/18 kBProgress (1): 5.5/18 kBProgress (1): 8.2/18 kBProgress (1): 11/18 kB Progress (1): 14/18 kBProgress (1): 16/18 kBProgress (1): 18 kB                      Downloaded from central: https://repo.maven.apache.org/maven2/org/apache/apache/23/apache-23.pom (18 kB at 144 kB/s)
Downloading from central: https://repo.maven.apache.org/maven2/commons-net/commons-net/3.6/commons-net-3.6.pom
Progress (1): 2.7/22 kBProgress (1): 5.5/22 kBProgress (1): 8.2/22 kBProgress (1): 11/22 kB Progress (1): 14/22 kBProgress (1): 16/22 kBProgress (1): 19/22 kBProgress (1): 22 kB                      Downloaded from central: https://repo.maven.apache.org/maven2/commons-net/commons-net/3.6/commons-net-3.6.pom (22 kB at 242 kB/s)
Downloading from central: https://repo.maven.apache.org/maven2/org/slf4j/slf4j-api/1.7.25/slf4j-api-1.7.25.pom
Progress (1): 2.7/3.8 kBProgress (1): 3.8 kB                        Downloaded from central: https://repo.maven.apache.org/maven2/org/slf4j/slf4j-api/1.7.25/slf4j-api-1.7.25.pom (3.8 kB at 46 kB/s)
Downloading from central: https://repo.maven.apache.org/maven2/org/slf4j/slf4j-parent/1.7.25/slf4j-parent-1.7.25.pom
Progress (1): 2.7/14 kBProgress (1): 5.5/14 kBProgress (1): 8.2/14 kBProgress (1): 11/14 kB Progress (1): 14 kB                      Downloaded from central: https://repo.maven.apache.org/maven2/org/slf4j/slf4j-parent/1.7.25/slf4j-parent-1.7.25.pom (14 kB at 144 kB/s)
Downloading from central: https://repo.maven.apache.org/maven2/org/apache/maven/wagon/wagon-provider-api/3.4.1/wagon-provider-api-3.4.1.pom
Progress (1): 1.9 kB                    Downloaded from central: https://repo.maven.apache.org/maven2/org/apache/maven/wagon/wagon-provider-api/3.4.1/wagon-provider-api-3.4.1.pom (1.9 kB at 23 kB/s)
Downloading from central: https://repo.maven.apache.org/maven2/org/codehaus/plexus/plexus-utils/3.3.0/plexus-utils-3.3.0.pom
Progress (1): 2.7/5.2 kBProgress (1): 5.2 kB                        Downloaded from central: https://repo.maven.apache.org/maven2/org/codehaus/plexus/plexus-utils/3.3.0/plexus-utils-3.3.0.pom (5.2 kB at 44 kB/s)
Downloading from central: https://repo.maven.apache.org/maven2/org/apache/maven/wagon/wagon-ftp/3.4.1/wagon-ftp-3.4.1.jar
Downloading from central: https://repo.maven.apache.org/maven2/commons-net/commons-net/3.6/commons-net-3.6.jar
Downloading from central: https://repo.maven.apache.org/maven2/org/apache/maven/wagon/wagon-provider-api/3.4.1/wagon-provider-api-3.4.1.jar
Downloading from central: https://repo.maven.apache.org/maven2/commons-io/commons-io/2.6/commons-io-2.6.jar
Downloading from central: https://repo.maven.apache.org/maven2/org/slf4j/slf4j-api/1.7.25/slf4j-api-1.7.25.jar
Progress (1): 2.7/307 kBProgress (1): 5.5/307 kBProgress (1): 8.2/307 kBProgress (1): 11/307 kB Progress (1): 14/307 kBProgress (1): 16/307 kBProgress (1): 19/307 kBProgress (1): 22/307 kBProgress (1): 25/307 kBProgress (1): 27/307 kBProgress (1): 30/307 kBProgress (1): 33/307 kBProgress (1): 36/307 kBProgress (1): 38/307 kBProgress (1): 41/307 kBProgress (1): 44/307 kBProgress (1): 47/307 kBProgress (1): 49/307 kBProgress (1): 52/307 kBProgress (1): 55/307 kBProgress (1): 58/307 kBProgress (1): 60/307 kBProgress (1): 63/307 kBProgress (1): 66/307 kBProgress (1): 69/307 kBProgress (1): 71/307 kBProgress (1): 74/307 kBProgress (1): 77/307 kBProgress (1): 80/307 kBProgress (1): 82/307 kBProgress (1): 85/307 kBProgress (1): 88/307 kBProgress (1): 90/307 kBProgress (1): 93/307 kBProgress (1): 96/307 kBProgress (1): 99/307 kBProgress (1): 101/307 kBProgress (1): 104/307 kBProgress (1): 107/307 kBProgress (1): 110/307 kBProgress (1): 112/307 kBProgress (1): 115/307 kBProgress (1): 118/307 kBProgress (1): 121/307 kBProgress (1): 123/307 kBProgress (1): 126/307 kBProgress (1): 129/307 kBProgress (1): 132/307 kBProgress (1): 134/307 kBProgress (1): 137/307 kBProgress (1): 140/307 kBProgress (1): 143/307 kBProgress (1): 145/307 kBProgress (1): 148/307 kBProgress (1): 151/307 kBProgress (1): 154/307 kBProgress (1): 156/307 kBProgress (1): 159/307 kBProgress (1): 162/307 kBProgress (1): 165/307 kBProgress (1): 167/307 kBProgress (1): 170/307 kBProgress (1): 173/307 kBProgress (1): 175/307 kBProgress (1): 178/307 kBProgress (2): 178/307 kB | 2.7/215 kBProgress (2): 178/307 kB | 5.5/215 kBProgress (2): 178/307 kB | 8.2/215 kBProgress (2): 178/307 kB | 11/215 kB Progress (2): 181/307 kB | 11/215 kBProgress (2): 181/307 kB | 14/215 kBProgress (2): 184/307 kB | 14/215 kBProgress (2): 186/307 kB | 14/215 kBProgress (2): 189/307 kB | 14/215 kBProgress (2): 192/307 kB | 14/215 kBProgress (3): 192/307 kB | 14/215 kB | 2.7/41 kBProgress (3): 195/307 kB | 14/215 kB | 2.7/41 kBProgress (3): 195/307 kB | 14/215 kB | 5.5/41 kBProgress (4): 195/307 kB | 14/215 kB | 5.5/41 kB | 2.7/19 kBProgress (4): 195/307 kB | 14/215 kB | 8.2/41 kB | 2.7/19 kBProgress (4): 197/307 kB | 14/215 kB | 8.2/41 kB | 2.7/19 kBProgress (4): 197/307 kB | 14/215 kB | 11/41 kB | 2.7/19 kB Progress (4): 197/307 kB | 14/215 kB | 11/41 kB | 5.5/19 kBProgress (4): 197/307 kB | 14/215 kB | 14/41 kB | 5.5/19 kBProgress (5): 197/307 kB | 14/215 kB | 14/41 kB | 5.5/19 kB | 2.7/55 kBProgress (5): 197/307 kB | 14/215 kB | 14/41 kB | 5.5/19 kB | 5.5/55 kBProgress (5): 197/307 kB | 14/215 kB | 14/41 kB | 5.5/19 kB | 8.2/55 kBProgress (5): 197/307 kB | 14/215 kB | 14/41 kB | 5.5/19 kB | 11/55 kB Progress (5): 197/307 kB | 14/215 kB | 14/41 kB | 5.5/19 kB | 14/55 kBProgress (5): 200/307 kB | 14/215 kB | 14/41 kB | 5.5/19 kB | 14/55 kBProgress (5): 200/307 kB | 14/215 kB | 14/41 kB | 8.2/19 kB | 14/55 kBProgress (5): 200/307 kB | 14/215 kB | 14/41 kB | 11/19 kB | 14/55 kB Progress (5): 200/307 kB | 14/215 kB | 14/41 kB | 14/19 kB | 14/55 kBProgress (5): 203/307 kB | 14/215 kB | 14/41 kB | 14/19 kB | 14/55 kBProgress (5): 206/307 kB | 14/215 kB | 14/41 kB | 14/19 kB | 14/55 kBProgress (5): 208/307 kB | 14/215 kB | 14/41 kB | 14/19 kB | 14/55 kBProgress (5): 211/307 kB | 14/215 kB | 14/41 kB | 14/19 kB | 14/55 kBProgress (5): 214/307 kB | 14/215 kB | 14/41 kB | 14/19 kB | 14/55 kBProgress (5): 217/307 kB | 14/215 kB | 14/41 kB | 14/19 kB | 14/55 kBProgress (5): 219/307 kB | 14/215 kB | 14/41 kB | 14/19 kB | 14/55 kBProgress (5): 223/307 kB | 14/215 kB | 14/41 kB | 14/19 kB | 14/55 kBProgress (5): 227/307 kB | 14/215 kB | 14/41 kB | 14/19 kB | 14/55 kBProgress (5): 231/307 kB | 14/215 kB | 14/41 kB | 14/19 kB | 14/55 kBProgress (5): 235/307 kB | 14/215 kB | 14/41 kB | 14/19 kB | 14/55 kBProgress (5): 239/307 kB | 14/215 kB | 14/41 kB | 14/19 kB | 14/55 kBProgress (5): 243/307 kB | 14/215 kB | 14/41 kB | 14/19 kB | 14/55 kBProgress (5): 247/307 kB | 14/215 kB | 14/41 kB | 14/19 kB | 14/55 kBProgress (5): 251/307 kB | 14/215 kB | 14/41 kB | 14/19 kB | 14/55 kBProgress (5): 256/307 kB | 14/215 kB | 14/41 kB | 14/19 kB | 14/55 kBProgress (5): 260/307 kB | 14/215 kB | 14/41 kB | 14/19 kB | 14/55 kBProgress (5): 264/307 kB | 14/215 kB | 14/41 kB | 14/19 kB | 14/55 kBProgress (5): 268/307 kB | 14/215 kB | 14/41 kB | 14/19 kB | 14/55 kBProgress (5): 272/307 kB | 14/215 kB | 14/41 kB | 14/19 kB | 14/55 kBProgress (5): 276/307 kB | 14/215 kB | 14/41 kB | 14/19 kB | 14/55 kBProgress (5): 280/307 kB | 14/215 kB | 14/41 kB | 14/19 kB | 14/55 kBProgress (5): 284/307 kB | 14/215 kB | 14/41 kB | 14/19 kB | 14/55 kBProgress (5): 288/307 kB | 14/215 kB | 14/41 kB | 14/19 kB | 14/55 kBProgress (5): 292/307 kB | 14/215 kB | 14/41 kB | 14/19 kB | 14/55 kBProgress (5): 297/307 kB | 14/215 kB | 14/41 kB | 14/19 kB | 14/55 kBProgress (5): 301/307 kB | 14/215 kB | 14/41 kB | 14/19 kB | 14/55 kBProgress (5): 305/307 kB | 14/215 kB | 14/41 kB | 14/19 kB | 14/55 kBProgress (5): 307 kB | 14/215 kB | 14/41 kB | 14/19 kB | 14/55 kB    Progress (5): 307 kB | 14/215 kB | 16/41 kB | 14/19 kB | 14/55 kBProgress (5): 307 kB | 16/215 kB | 16/41 kB | 14/19 kB | 14/55 kBProgress (5): 307 kB | 16/215 kB | 19/41 kB | 14/19 kB | 14/55 kBProgress (5): 307 kB | 19/215 kB | 19/41 kB | 14/19 kB | 14/55 kBProgress (5): 307 kB | 19/215 kB | 22/41 kB | 14/19 kB | 14/55 kBProgress (5): 307 kB | 22/215 kB | 22/41 kB | 14/19 kB | 14/55 kBProgress (5): 307 kB | 22/215 kB | 25/41 kB | 14/19 kB | 14/55 kBProgress (5): 307 kB | 25/215 kB | 25/41 kB | 14/19 kB | 14/55 kBProgress (5): 307 kB | 27/215 kB | 25/41 kB | 14/19 kB | 14/55 kBProgress (5): 307 kB | 30/215 kB | 25/41 kB | 14/19 kB | 14/55 kBProgress (5): 307 kB | 33/215 kB | 25/41 kB | 14/19 kB | 14/55 kBProgress (5): 307 kB | 33/215 kB | 27/41 kB | 14/19 kB | 14/55 kBProgress (5): 307 kB | 36/215 kB | 27/41 kB | 14/19 kB | 14/55 kBProgress (5): 307 kB | 36/215 kB | 27/41 kB | 14/19 kB | 16/55 kBProgress (5): 307 kB | 36/215 kB | 30/41 kB | 14/19 kB | 16/55 kBProgress (5): 307 kB | 36/215 kB | 30/41 kB | 16/19 kB | 16/55 kBProgress (5): 307 kB | 36/215 kB | 30/41 kB | 19 kB | 16/55 kB   Progress (5): 307 kB | 36/215 kB | 30/41 kB | 19 kB | 19/55 kBProgress (5): 307 kB | 36/215 kB | 30/41 kB | 19 kB | 22/55 kBProgress (5): 307 kB | 36/215 kB | 30/41 kB | 19 kB | 25/55 kBProgress (5): 307 kB | 36/215 kB | 30/41 kB | 19 kB | 27/55 kBProgress (5): 307 kB | 36/215 kB | 33/41 kB | 19 kB | 27/55 kBProgress (5): 307 kB | 38/215 kB | 33/41 kB | 19 kB | 27/55 kBProgress (5): 307 kB | 38/215 kB | 33/41 kB | 19 kB | 30/55 kBProgress (5): 307 kB | 38/215 kB | 33/41 kB | 19 kB | 33/55 kBProgress (5): 307 kB | 38/215 kB | 33/41 kB | 19 kB | 36/55 kBProgress (5): 307 kB | 38/215 kB | 33/41 kB | 19 kB | 38/55 kBProgress (5): 307 kB | 38/215 kB | 33/41 kB | 19 kB | 41/55 kBProgress (5): 307 kB | 41/215 kB | 33/41 kB | 19 kB | 41/55 kB                                                              Downloaded from central: https://repo.maven.apache.org/maven2/commons-net/commons-net/3.6/commons-net-3.6.jar (307 kB at 1.2 MB/s)
Downloading from central: https://repo.maven.apache.org/maven2/org/codehaus/plexus/plexus-utils/3.3.0/plexus-utils-3.3.0.jar
Progress (4): 41/215 kB | 36/41 kB | 19 kB | 41/55 kBProgress (4): 41/215 kB | 38/41 kB | 19 kB | 41/55 kBProgress (4): 41/215 kB | 41/41 kB | 19 kB | 41/55 kBProgress (4): 41/215 kB | 41 kB | 19 kB | 41/55 kB   Progress (4): 44/215 kB | 41 kB | 19 kB | 41/55 kBProgress (4): 47/215 kB | 41 kB | 19 kB | 41/55 kBProgress (4): 49/215 kB | 41 kB | 19 kB | 41/55 kBProgress (4): 52/215 kB | 41 kB | 19 kB | 41/55 kBProgress (4): 55/215 kB | 41 kB | 19 kB | 41/55 kBProgress (4): 58/215 kB | 41 kB | 19 kB | 41/55 kBProgress (4): 60/215 kB | 41 kB | 19 kB | 41/55 kBProgress (4): 60/215 kB | 41 kB | 19 kB | 44/55 kBProgress (4): 63/215 kB | 41 kB | 19 kB | 44/55 kBProgress (4): 63/215 kB | 41 kB | 19 kB | 47/55 kBProgress (4): 66/215 kB | 41 kB | 19 kB | 47/55 kBProgress (4): 69/215 kB | 41 kB | 19 kB | 47/55 kBProgress (4): 71/215 kB | 41 kB | 19 kB | 47/55 kBProgress (4): 71/215 kB | 41 kB | 19 kB | 49/55 kBProgress (4): 71/215 kB | 41 kB | 19 kB | 52/55 kBProgress (4): 71/215 kB | 41 kB | 19 kB | 55/55 kBProgress (4): 71/215 kB | 41 kB | 19 kB | 55 kB                                                  Downloaded from central: https://repo.maven.apache.org/maven2/org/apache/maven/wagon/wagon-ftp/3.4.1/wagon-ftp-3.4.1.jar (19 kB at 62 kB/s)
Progress (3): 74/215 kB | 41 kB | 55 kBProgress (3): 77/215 kB | 41 kB | 55 kBProgress (3): 80/215 kB | 41 kB | 55 kBProgress (3): 82/215 kB | 41 kB | 55 kBProgress (3): 85/215 kB | 41 kB | 55 kBProgress (3): 88/215 kB | 41 kB | 55 kBProgress (3): 90/215 kB | 41 kB | 55 kBProgress (3): 93/215 kB | 41 kB | 55 kBProgress (3): 96/215 kB | 41 kB | 55 kBProgress (3): 99/215 kB | 41 kB | 55 kBProgress (4): 99/215 kB | 41 kB | 55 kB | 2.7/263 kBProgress (4): 99/215 kB | 41 kB | 55 kB | 5.5/263 kBProgress (4): 99/215 kB | 41 kB | 55 kB | 8.2/263 kBProgress (4): 99/215 kB | 41 kB | 55 kB | 11/263 kB Progress (4): 99/215 kB | 41 kB | 55 kB | 14/263 kBProgress (4): 99/215 kB | 41 kB | 55 kB | 16/263 kBProgress (4): 99/215 kB | 41 kB | 55 kB | 19/263 kBProgress (4): 99/215 kB | 41 kB | 55 kB | 22/263 kB                                                   Downloaded from central: https://repo.maven.apache.org/maven2/org/slf4j/slf4j-api/1.7.25/slf4j-api-1.7.25.jar (41 kB at 129 kB/s)
Progress (3): 99/215 kB | 55 kB | 25/263 kBProgress (3): 101/215 kB | 55 kB | 25/263 kBProgress (3): 101/215 kB | 55 kB | 27/263 kBProgress (3): 104/215 kB | 55 kB | 27/263 kBProgress (3): 104/215 kB | 55 kB | 30/263 kBProgress (3): 104/215 kB | 55 kB | 33/263 kBProgress (3): 107/215 kB | 55 kB | 33/263 kBProgress (3): 110/215 kB | 55 kB | 33/263 kBProgress (3): 112/215 kB | 55 kB | 33/263 kBProgress (3): 112/215 kB | 55 kB | 36/263 kBProgress (3): 115/215 kB | 55 kB | 36/263 kBProgress (3): 115/215 kB | 55 kB | 38/263 kBProgress (3): 118/215 kB | 55 kB | 38/263 kBProgress (3): 118/215 kB | 55 kB | 41/263 kBProgress (3): 121/215 kB | 55 kB | 41/263 kBProgress (3): 121/215 kB | 55 kB | 44/263 kBProgress (3): 121/215 kB | 55 kB | 47/263 kBProgress (3): 121/215 kB | 55 kB | 49/263 kBProgress (3): 123/215 kB | 55 kB | 49/263 kBProgress (3): 123/215 kB | 55 kB | 52/263 kBProgress (3): 126/215 kB | 55 kB | 52/263 kBProgress (3): 126/215 kB | 55 kB | 55/263 kBProgress (3): 129/215 kB | 55 kB | 55/263 kBProgress (3): 132/215 kB | 55 kB | 55/263 kBProgress (3): 134/215 kB | 55 kB | 55/263 kBProgress (3): 137/215 kB | 55 kB | 55/263 kBProgress (3): 140/215 kB | 55 kB | 55/263 kBProgress (3): 143/215 kB | 55 kB | 55/263 kBProgress (3): 145/215 kB | 55 kB | 55/263 kBProgress (3): 148/215 kB | 55 kB | 55/263 kBProgress (3): 151/215 kB | 55 kB | 55/263 kBProgress (3): 154/215 kB | 55 kB | 55/263 kBProgress (3): 156/215 kB | 55 kB | 55/263 kBProgress (3): 159/215 kB | 55 kB | 55/263 kBProgress (3): 159/215 kB | 55 kB | 58/263 kBProgress (3): 162/215 kB | 55 kB | 58/263 kBProgress (3): 162/215 kB | 55 kB | 60/263 kBProgress (3): 162/215 kB | 55 kB | 63/263 kBProgress (3): 162/215 kB | 55 kB | 66/263 kBProgress (3): 165/215 kB | 55 kB | 66/263 kB                                            Downloaded from central: https://repo.maven.apache.org/maven2/org/apache/maven/wagon/wagon-provider-api/3.4.1/wagon-provider-api-3.4.1.jar (55 kB at 150 kB/s)
Progress (2): 167/215 kB | 66/263 kBProgress (2): 170/215 kB | 66/263 kBProgress (2): 173/215 kB | 66/263 kBProgress (2): 173/215 kB | 69/263 kBProgress (2): 175/215 kB | 69/263 kBProgress (2): 175/215 kB | 71/263 kBProgress (2): 178/215 kB | 71/263 kBProgress (2): 178/215 kB | 74/263 kBProgress (2): 181/215 kB | 74/263 kBProgress (2): 181/215 kB | 77/263 kBProgress (2): 184/215 kB | 77/263 kBProgress (2): 186/215 kB | 77/263 kBProgress (2): 189/215 kB | 77/263 kBProgress (2): 189/215 kB | 80/263 kBProgress (2): 192/215 kB | 80/263 kBProgress (2): 192/215 kB | 82/263 kBProgress (2): 195/215 kB | 82/263 kBProgress (2): 195/215 kB | 85/263 kBProgress (2): 197/215 kB | 85/263 kBProgress (2): 197/215 kB | 88/263 kBProgress (2): 200/215 kB | 88/263 kBProgress (2): 200/215 kB | 90/263 kBProgress (2): 200/215 kB | 93/263 kBProgress (2): 200/215 kB | 96/263 kBProgress (2): 200/215 kB | 99/263 kBProgress (2): 200/215 kB | 101/263 kBProgress (2): 200/215 kB | 104/263 kBProgress (2): 200/215 kB | 107/263 kBProgress (2): 200/215 kB | 110/263 kBProgress (2): 200/215 kB | 112/263 kBProgress (2): 200/215 kB | 115/263 kBProgress (2): 200/215 kB | 118/263 kBProgress (2): 203/215 kB | 118/263 kBProgress (2): 206/215 kB | 118/263 kBProgress (2): 208/215 kB | 118/263 kBProgress (2): 211/215 kB | 118/263 kBProgress (2): 214/215 kB | 118/263 kBProgress (2): 215 kB | 118/263 kB    Progress (2): 215 kB | 121/263 kBProgress (2): 215 kB | 123/263 kBProgress (2): 215 kB | 126/263 kBProgress (2): 215 kB | 129/263 kBProgress (2): 215 kB | 132/263 kBProgress (2): 215 kB | 134/263 kBProgress (2): 215 kB | 137/263 kBProgress (2): 215 kB | 140/263 kBProgress (2): 215 kB | 143/263 kBProgress (2): 215 kB | 145/263 kBProgress (2): 215 kB | 148/263 kBProgress (2): 215 kB | 151/263 kBProgress (2): 215 kB | 154/263 kBProgress (2): 215 kB | 156/263 kBProgress (2): 215 kB | 159/263 kBProgress (2): 215 kB | 162/263 kBProgress (2): 215 kB | 165/263 kBProgress (2): 215 kB | 167/263 kBProgress (2): 215 kB | 170/263 kBProgress (2): 215 kB | 173/263 kBProgress (2): 215 kB | 175/263 kBProgress (2): 215 kB | 178/263 kBProgress (2): 215 kB | 181/263 kBProgress (2): 215 kB | 184/263 kBProgress (2): 215 kB | 186/263 kB                                 Downloaded from central: https://repo.maven.apache.org/maven2/commons-io/commons-io/2.6/commons-io-2.6.jar (215 kB at 497 kB/s)
Progress (1): 189/263 kBProgress (1): 192/263 kBProgress (1): 195/263 kBProgress (1): 197/263 kBProgress (1): 200/263 kBProgress (1): 203/263 kBProgress (1): 206/263 kBProgress (1): 208/263 kBProgress (1): 211/263 kBProgress (1): 214/263 kBProgress (1): 217/263 kBProgress (1): 219/263 kBProgress (1): 223/263 kBProgress (1): 227/263 kBProgress (1): 231/263 kBProgress (1): 235/263 kBProgress (1): 239/263 kBProgress (1): 243/263 kBProgress (1): 247/263 kBProgress (1): 251/263 kBProgress (1): 256/263 kBProgress (1): 260/263 kBProgress (1): 263 kB                        Downloaded from central: https://repo.maven.apache.org/maven2/org/codehaus/plexus/plexus-utils/3.3.0/plexus-utils-3.3.0.jar (263 kB at 532 kB/s)
[INFO] 
[INFO] --------------------------< pl.pandait:panda >--------------------------
[INFO] Building panda 0.0.2-SNAPSHOT
[INFO] --------------------------------[ jar ]---------------------------------
Downloading from central: https://repo.maven.apache.org/maven2/org/hamcrest/hamcrest-core/2.1/hamcrest-core-2.1.pom
Progress (1): 1.4 kB                    Downloaded from central: https://repo.maven.apache.org/maven2/org/hamcrest/hamcrest-core/2.1/hamcrest-core-2.1.pom (1.4 kB at 16 kB/s)
Downloading from central: https://repo.maven.apache.org/maven2/org/seleniumhq/selenium/selenium-java/3.141.59/selenium-java-3.141.59.pom
Progress (1): 4.1/5.4 kBProgress (1): 5.4 kB                        Downloaded from central: https://repo.maven.apache.org/maven2/org/seleniumhq/selenium/selenium-java/3.141.59/selenium-java-3.141.59.pom (5.4 kB at 60 kB/s)
Downloading from central: https://repo.maven.apache.org/maven2/org/seleniumhq/selenium/selenium-api/3.141.59/selenium-api-3.141.59.pom
Progress (1): 2.6 kB                    Downloaded from central: https://repo.maven.apache.org/maven2/org/seleniumhq/selenium/selenium-api/3.141.59/selenium-api-3.141.59.pom (2.6 kB at 30 kB/s)
Downloading from central: https://repo.maven.apache.org/maven2/org/seleniumhq/selenium/selenium-chrome-driver/3.141.59/selenium-chrome-driver-3.141.59.pom
Progress (1): 4.0 kB                    Downloaded from central: https://repo.maven.apache.org/maven2/org/seleniumhq/selenium/selenium-chrome-driver/3.141.59/selenium-chrome-driver-3.141.59.pom (4.0 kB at 48 kB/s)
Downloading from central: https://repo.maven.apache.org/maven2/org/seleniumhq/selenium/selenium-remote-driver/3.141.59/selenium-remote-driver-3.141.59.pom
Progress (1): 3.8 kB                    Downloaded from central: https://repo.maven.apache.org/maven2/org/seleniumhq/selenium/selenium-remote-driver/3.141.59/selenium-remote-driver-3.141.59.pom (3.8 kB at 46 kB/s)
Downloading from central: https://repo.maven.apache.org/maven2/org/apache/commons/commons-exec/1.3/commons-exec-1.3.pom
Progress (1): 4.1/11 kBProgress (1): 8.2/11 kBProgress (1): 11 kB                       Downloaded from central: https://repo.maven.apache.org/maven2/org/apache/commons/commons-exec/1.3/commons-exec-1.3.pom (11 kB at 136 kB/s)
Downloading from central: https://repo.maven.apache.org/maven2/org/apache/commons/commons-parent/35/commons-parent-35.pom
Progress (1): 4.1/58 kBProgress (1): 8.2/58 kBProgress (1): 12/58 kB Progress (1): 16/58 kBProgress (1): 20/58 kBProgress (1): 25/58 kBProgress (1): 29/58 kBProgress (1): 33/58 kBProgress (1): 37/58 kBProgress (1): 41/58 kBProgress (1): 45/58 kBProgress (1): 49/58 kBProgress (1): 53/58 kBProgress (1): 57/58 kBProgress (1): 58 kB                      Downloaded from central: https://repo.maven.apache.org/maven2/org/apache/commons/commons-parent/35/commons-parent-35.pom (58 kB at 572 kB/s)
Downloading from central: https://repo.maven.apache.org/maven2/com/google/guava/guava/25.0-jre/guava-25.0-jre.pom
Progress (1): 4.1/7.8 kBProgress (1): 7.8 kB                        Downloaded from central: https://repo.maven.apache.org/maven2/com/google/guava/guava/25.0-jre/guava-25.0-jre.pom (7.8 kB at 74 kB/s)
Downloading from central: https://repo.maven.apache.org/maven2/com/google/guava/guava-parent/25.0-jre/guava-parent-25.0-jre.pom
Progress (1): 4.1/10 kBProgress (1): 8.2/10 kBProgress (1): 10 kB                       Downloaded from central: https://repo.maven.apache.org/maven2/com/google/guava/guava-parent/25.0-jre/guava-parent-25.0-jre.pom (10 kB at 109 kB/s)
Downloading from central: https://repo.maven.apache.org/maven2/com/google/code/findbugs/jsr305/1.3.9/jsr305-1.3.9.pom
Progress (1): 965 B                   Downloaded from central: https://repo.maven.apache.org/maven2/com/google/code/findbugs/jsr305/1.3.9/jsr305-1.3.9.pom (965 B at 12 kB/s)
Downloading from central: https://repo.maven.apache.org/maven2/org/checkerframework/checker-compat-qual/2.0.0/checker-compat-qual-2.0.0.pom
Progress (1): 4.1/4.2 kBProgress (1): 4.2 kB                        Downloaded from central: https://repo.maven.apache.org/maven2/org/checkerframework/checker-compat-qual/2.0.0/checker-compat-qual-2.0.0.pom (4.2 kB at 49 kB/s)
Downloading from central: https://repo.maven.apache.org/maven2/com/google/errorprone/error_prone_annotations/2.1.3/error_prone_annotations-2.1.3.pom
Progress (1): 1.8 kB                    Downloaded from central: https://repo.maven.apache.org/maven2/com/google/errorprone/error_prone_annotations/2.1.3/error_prone_annotations-2.1.3.pom (1.8 kB at 22 kB/s)
Downloading from central: https://repo.maven.apache.org/maven2/com/google/errorprone/error_prone_parent/2.1.3/error_prone_parent-2.1.3.pom
Progress (1): 4.1/5.1 kBProgress (1): 5.1 kB                        Downloaded from central: https://repo.maven.apache.org/maven2/com/google/errorprone/error_prone_parent/2.1.3/error_prone_parent-2.1.3.pom (5.1 kB at 61 kB/s)
Downloading from central: https://repo.maven.apache.org/maven2/com/google/j2objc/j2objc-annotations/1.1/j2objc-annotations-1.1.pom
Progress (1): 2.8 kB                    Downloaded from central: https://repo.maven.apache.org/maven2/com/google/j2objc/j2objc-annotations/1.1/j2objc-annotations-1.1.pom (2.8 kB at 32 kB/s)
Downloading from central: https://repo.maven.apache.org/maven2/org/codehaus/mojo/animal-sniffer-annotations/1.14/animal-sniffer-annotations-1.14.pom
Progress (1): 2.5 kB                    Downloaded from central: https://repo.maven.apache.org/maven2/org/codehaus/mojo/animal-sniffer-annotations/1.14/animal-sniffer-annotations-1.14.pom (2.5 kB at 31 kB/s)
Downloading from central: https://repo.maven.apache.org/maven2/org/codehaus/mojo/animal-sniffer-parent/1.14/animal-sniffer-parent-1.14.pom
Progress (1): 4.1/4.4 kBProgress (1): 4.4 kB                        Downloaded from central: https://repo.maven.apache.org/maven2/org/codehaus/mojo/animal-sniffer-parent/1.14/animal-sniffer-parent-1.14.pom (4.4 kB at 52 kB/s)
Downloading from central: https://repo.maven.apache.org/maven2/org/codehaus/mojo/mojo-parent/34/mojo-parent-34.pom
Progress (1): 4.1/24 kBProgress (1): 8.2/24 kBProgress (1): 12/24 kB Progress (1): 16/24 kBProgress (1): 20/24 kBProgress (1): 24 kB                      Downloaded from central: https://repo.maven.apache.org/maven2/org/codehaus/mojo/mojo-parent/34/mojo-parent-34.pom (24 kB at 270 kB/s)
Downloading from central: https://repo.maven.apache.org/maven2/org/codehaus/codehaus-parent/4/codehaus-parent-4.pom
Progress (1): 4.1/4.8 kBProgress (1): 4.8 kB                        Downloaded from central: https://repo.maven.apache.org/maven2/org/codehaus/codehaus-parent/4/codehaus-parent-4.pom (4.8 kB at 60 kB/s)
Downloading from central: https://repo.maven.apache.org/maven2/com/squareup/okhttp3/okhttp/3.14.6/okhttp-3.14.6.pom
Progress (1): 2.5 kB                    Downloaded from central: https://repo.maven.apache.org/maven2/com/squareup/okhttp3/okhttp/3.14.6/okhttp-3.14.6.pom (2.5 kB at 29 kB/s)
Downloading from central: https://repo.maven.apache.org/maven2/com/squareup/okhttp3/parent/3.14.6/parent-3.14.6.pom
Progress (1): 4.1/21 kBProgress (1): 8.2/21 kBProgress (1): 12/21 kB Progress (1): 16/21 kBProgress (1): 20/21 kBProgress (1): 21 kB                      Downloaded from central: https://repo.maven.apache.org/maven2/com/squareup/okhttp3/parent/3.14.6/parent-3.14.6.pom (21 kB at 247 kB/s)
Downloading from central: https://repo.maven.apache.org/maven2/com/squareup/okio/okio/1.17.2/okio-1.17.2.pom
Progress (1): 2.0 kB                    Downloaded from central: https://repo.maven.apache.org/maven2/com/squareup/okio/okio/1.17.2/okio-1.17.2.pom (2.0 kB at 23 kB/s)
Downloading from central: https://repo.maven.apache.org/maven2/com/squareup/okio/okio-parent/1.17.2/okio-parent-1.17.2.pom
Progress (1): 4.1/4.9 kBProgress (1): 4.9 kB                        Downloaded from central: https://repo.maven.apache.org/maven2/com/squareup/okio/okio-parent/1.17.2/okio-parent-1.17.2.pom (4.9 kB at 54 kB/s)
Downloading from central: https://repo.maven.apache.org/maven2/com/squareup/okio/okio/1.14.0/okio-1.14.0.pom
Progress (1): 2.0 kB                    Downloaded from central: https://repo.maven.apache.org/maven2/com/squareup/okio/okio/1.14.0/okio-1.14.0.pom (2.0 kB at 25 kB/s)
Downloading from central: https://repo.maven.apache.org/maven2/com/squareup/okio/okio-parent/1.14.0/okio-parent-1.14.0.pom
Progress (1): 4.1/4.9 kBProgress (1): 4.9 kB                        Downloaded from central: https://repo.maven.apache.org/maven2/com/squareup/okio/okio-parent/1.14.0/okio-parent-1.14.0.pom (4.9 kB at 57 kB/s)
Downloading from central: https://repo.maven.apache.org/maven2/org/seleniumhq/selenium/selenium-edge-driver/3.141.59/selenium-edge-driver-3.141.59.pom
Progress (1): 4.0 kB                    Downloaded from central: https://repo.maven.apache.org/maven2/org/seleniumhq/selenium/selenium-edge-driver/3.141.59/selenium-edge-driver-3.141.59.pom (4.0 kB at 49 kB/s)
Downloading from central: https://repo.maven.apache.org/maven2/org/seleniumhq/selenium/selenium-firefox-driver/3.141.59/selenium-firefox-driver-3.141.59.pom
Progress (1): 4.0 kB                    Downloaded from central: https://repo.maven.apache.org/maven2/org/seleniumhq/selenium/selenium-firefox-driver/3.141.59/selenium-firefox-driver-3.141.59.pom (4.0 kB at 46 kB/s)
Downloading from central: https://repo.maven.apache.org/maven2/org/seleniumhq/selenium/selenium-ie-driver/3.141.59/selenium-ie-driver-3.141.59.pom
Progress (1): 4.0 kB                    Downloaded from central: https://repo.maven.apache.org/maven2/org/seleniumhq/selenium/selenium-ie-driver/3.141.59/selenium-ie-driver-3.141.59.pom (4.0 kB at 49 kB/s)
Downloading from central: https://repo.maven.apache.org/maven2/org/seleniumhq/selenium/selenium-opera-driver/3.141.59/selenium-opera-driver-3.141.59.pom
Progress (1): 4.0 kB                    Downloaded from central: https://repo.maven.apache.org/maven2/org/seleniumhq/selenium/selenium-opera-driver/3.141.59/selenium-opera-driver-3.141.59.pom (4.0 kB at 49 kB/s)
Downloading from central: https://repo.maven.apache.org/maven2/org/seleniumhq/selenium/selenium-safari-driver/3.141.59/selenium-safari-driver-3.141.59.pom
Progress (1): 3.2/4.0 kBProgress (1): 4.0 kB                        Downloaded from central: https://repo.maven.apache.org/maven2/org/seleniumhq/selenium/selenium-safari-driver/3.141.59/selenium-safari-driver-3.141.59.pom (4.0 kB at 50 kB/s)
Downloading from central: https://repo.maven.apache.org/maven2/org/seleniumhq/selenium/selenium-support/3.141.59/selenium-support-3.141.59.pom
Progress (1): 4.0 kB                    Downloaded from central: https://repo.maven.apache.org/maven2/org/seleniumhq/selenium/selenium-support/3.141.59/selenium-support-3.141.59.pom (4.0 kB at 47 kB/s)
Downloading from central: https://repo.maven.apache.org/maven2/org/hamcrest/hamcrest-core/2.1/hamcrest-core-2.1.jar
Downloading from central: https://repo.maven.apache.org/maven2/org/seleniumhq/selenium/selenium-java/3.141.59/selenium-java-3.141.59.jar
Downloading from central: https://repo.maven.apache.org/maven2/org/seleniumhq/selenium/selenium-api/3.141.59/selenium-api-3.141.59.jar
Downloading from central: https://repo.maven.apache.org/maven2/org/seleniumhq/selenium/selenium-chrome-driver/3.141.59/selenium-chrome-driver-3.141.59.jar
Downloading from central: https://repo.maven.apache.org/maven2/org/seleniumhq/selenium/selenium-edge-driver/3.141.59/selenium-edge-driver-3.141.59.jar
Progress (1): 1.2 kBProgress (2): 1.2 kB | 2.7/182 kBProgress (2): 1.2 kB | 5.5/182 kBProgress (2): 1.2 kB | 8.2/182 kBProgress (2): 1.2 kB | 11/182 kB Progress (2): 1.2 kB | 14/182 kBProgress (3): 1.2 kB | 14/182 kB | 4.1/14 kBProgress (3): 1.2 kB | 14/182 kB | 8.2/14 kBProgress (3): 1.2 kB | 14/182 kB | 12/14 kB Progress (3): 1.2 kB | 14/182 kB | 14 kB   Progress (3): 1.2 kB | 16/182 kB | 14 kBProgress (4): 1.2 kB | 16/182 kB | 14 kB | 355 BProgress (4): 1.2 kB | 19/182 kB | 14 kB | 355 BProgress (4): 1.2 kB | 22/182 kB | 14 kB | 355 BProgress (5): 1.2 kB | 22/182 kB | 14 kB | 355 B | 2.7/8.0 kBProgress (5): 1.2 kB | 22/182 kB | 14 kB | 355 B | 5.5/8.0 kBProgress (5): 1.2 kB | 22/182 kB | 14 kB | 355 B | 8.0 kB    Progress (5): 1.2 kB | 25/182 kB | 14 kB | 355 B | 8.0 kBProgress (5): 1.2 kB | 27/182 kB | 14 kB | 355 B | 8.0 kB                                                         Downloaded from central: https://repo.maven.apache.org/maven2/org/hamcrest/hamcrest-core/2.1/hamcrest-core-2.1.jar (1.2 kB at 14 kB/s)
Downloading from central: https://repo.maven.apache.org/maven2/org/seleniumhq/selenium/selenium-firefox-driver/3.141.59/selenium-firefox-driver-3.141.59.jar
Progress (4): 30/182 kB | 14 kB | 355 B | 8.0 kBProgress (4): 33/182 kB | 14 kB | 355 B | 8.0 kBProgress (4): 36/182 kB | 14 kB | 355 B | 8.0 kBProgress (4): 38/182 kB | 14 kB | 355 B | 8.0 kBProgress (4): 41/182 kB | 14 kB | 355 B | 8.0 kBProgress (4): 44/182 kB | 14 kB | 355 B | 8.0 kBProgress (4): 47/182 kB | 14 kB | 355 B | 8.0 kBProgress (4): 49/182 kB | 14 kB | 355 B | 8.0 kBProgress (4): 52/182 kB | 14 kB | 355 B | 8.0 kB                                                Downloaded from central: https://repo.maven.apache.org/maven2/org/seleniumhq/selenium/selenium-java/3.141.59/selenium-java-3.141.59.jar (355 B at 3.1 kB/s)
Downloading from central: https://repo.maven.apache.org/maven2/org/seleniumhq/selenium/selenium-ie-driver/3.141.59/selenium-ie-driver-3.141.59.jar
Progress (3): 55/182 kB | 14 kB | 8.0 kBProgress (3): 58/182 kB | 14 kB | 8.0 kBProgress (3): 60/182 kB | 14 kB | 8.0 kBProgress (3): 63/182 kB | 14 kB | 8.0 kB                                        Downloaded from central: https://repo.maven.apache.org/maven2/org/seleniumhq/selenium/selenium-chrome-driver/3.141.59/selenium-chrome-driver-3.141.59.jar (14 kB at 117 kB/s)
Downloading from central: https://repo.maven.apache.org/maven2/org/seleniumhq/selenium/selenium-opera-driver/3.141.59/selenium-opera-driver-3.141.59.jar
Downloaded from central: https://repo.maven.apache.org/maven2/org/seleniumhq/selenium/selenium-edge-driver/3.141.59/selenium-edge-driver-3.141.59.jar (8.0 kB at 68 kB/s)
Downloading from central: https://repo.maven.apache.org/maven2/org/seleniumhq/selenium/selenium-remote-driver/3.141.59/selenium-remote-driver-3.141.59.jar
Progress (1): 66/182 kBProgress (1): 69/182 kBProgress (1): 71/182 kBProgress (1): 74/182 kBProgress (1): 77/182 kBProgress (1): 80/182 kBProgress (1): 82/182 kBProgress (2): 82/182 kB | 4.1/810 kBProgress (2): 82/182 kB | 8.2/810 kBProgress (2): 82/182 kB | 12/810 kB Progress (2): 82/182 kB | 16/810 kBProgress (2): 82/182 kB | 20/810 kBProgress (2): 82/182 kB | 25/810 kBProgress (2): 82/182 kB | 29/810 kBProgress (2): 82/182 kB | 33/810 kBProgress (2): 85/182 kB | 33/810 kBProgress (2): 85/182 kB | 37/810 kBProgress (2): 85/182 kB | 41/810 kBProgress (2): 85/182 kB | 45/810 kBProgress (2): 85/182 kB | 49/810 kBProgress (2): 85/182 kB | 53/810 kBProgress (2): 85/182 kB | 57/810 kBProgress (2): 85/182 kB | 61/810 kBProgress (2): 85/182 kB | 66/810 kBProgress (2): 85/182 kB | 70/810 kBProgress (2): 85/182 kB | 74/810 kBProgress (2): 85/182 kB | 78/810 kBProgress (2): 85/182 kB | 82/810 kBProgress (2): 85/182 kB | 86/810 kBProgress (2): 85/182 kB | 90/810 kBProgress (2): 85/182 kB | 94/810 kBProgress (2): 85/182 kB | 98/810 kBProgress (2): 85/182 kB | 102/810 kBProgress (2): 85/182 kB | 106/810 kBProgress (2): 85/182 kB | 111/810 kBProgress (2): 85/182 kB | 115/810 kBProgress (2): 88/182 kB | 115/810 kBProgress (2): 88/182 kB | 119/810 kBProgress (2): 88/182 kB | 123/810 kBProgress (2): 88/182 kB | 127/810 kBProgress (2): 88/182 kB | 131/810 kBProgress (2): 90/182 kB | 131/810 kBProgress (2): 93/182 kB | 131/810 kBProgress (2): 93/182 kB | 135/810 kBProgress (2): 93/182 kB | 139/810 kBProgress (2): 93/182 kB | 143/810 kBProgress (2): 93/182 kB | 147/810 kBProgress (2): 93/182 kB | 152/810 kBProgress (2): 93/182 kB | 156/810 kBProgress (2): 93/182 kB | 160/810 kBProgress (2): 93/182 kB | 164/810 kBProgress (2): 96/182 kB | 164/810 kBProgress (2): 96/182 kB | 168/810 kBProgress (2): 96/182 kB | 172/810 kBProgress (2): 96/182 kB | 176/810 kBProgress (2): 96/182 kB | 180/810 kBProgress (2): 99/182 kB | 180/810 kBProgress (2): 101/182 kB | 180/810 kBProgress (2): 101/182 kB | 184/810 kBProgress (2): 101/182 kB | 188/810 kBProgress (2): 101/182 kB | 193/810 kBProgress (2): 101/182 kB | 197/810 kBProgress (2): 104/182 kB | 197/810 kBProgress (2): 104/182 kB | 201/810 kBProgress (2): 104/182 kB | 205/810 kBProgress (2): 104/182 kB | 209/810 kBProgress (2): 104/182 kB | 213/810 kBProgress (2): 104/182 kB | 217/810 kBProgress (2): 104/182 kB | 221/810 kBProgress (3): 104/182 kB | 221/810 kB | 4.1/17 kBProgress (3): 104/182 kB | 221/810 kB | 8.2/17 kBProgress (3): 104/182 kB | 221/810 kB | 12/17 kB Progress (3): 104/182 kB | 221/810 kB | 16/17 kBProgress (3): 107/182 kB | 221/810 kB | 16/17 kBProgress (3): 107/182 kB | 225/810 kB | 16/17 kBProgress (3): 107/182 kB | 225/810 kB | 17 kB   Progress (3): 110/182 kB | 225/810 kB | 17 kBProgress (3): 112/182 kB | 225/810 kB | 17 kBProgress (3): 115/182 kB | 225/810 kB | 17 kBProgress (4): 115/182 kB | 225/810 kB | 17 kB | 4.1/334 kBProgress (4): 118/182 kB | 225/810 kB | 17 kB | 4.1/334 kBProgress (4): 118/182 kB | 229/810 kB | 17 kB | 4.1/334 kBProgress (4): 118/182 kB | 229/810 kB | 17 kB | 8.2/334 kBProgress (4): 118/182 kB | 229/810 kB | 17 kB | 12/334 kB Progress (4): 118/182 kB | 229/810 kB | 17 kB | 16/334 kBProgress (4): 121/182 kB | 229/810 kB | 17 kB | 16/334 kBProgress (4): 123/182 kB | 229/810 kB | 17 kB | 16/334 kBProgress (4): 126/182 kB | 229/810 kB | 17 kB | 16/334 kBProgress (4): 126/182 kB | 233/810 kB | 17 kB | 16/334 kBProgress (4): 126/182 kB | 238/810 kB | 17 kB | 16/334 kBProgress (4): 126/182 kB | 242/810 kB | 17 kB | 16/334 kBProgress (4): 126/182 kB | 246/810 kB | 17 kB | 16/334 kBProgress (4): 129/182 kB | 246/810 kB | 17 kB | 16/334 kBProgress (4): 129/182 kB | 250/810 kB | 17 kB | 16/334 kBProgress (4): 132/182 kB | 250/810 kB | 17 kB | 16/334 kBProgress (4): 132/182 kB | 254/810 kB | 17 kB | 16/334 kBProgress (4): 134/182 kB | 254/810 kB | 17 kB | 16/334 kBProgress (4): 137/182 kB | 254/810 kB | 17 kB | 16/334 kBProgress (4): 137/182 kB | 258/810 kB | 17 kB | 16/334 kBProgress (4): 137/182 kB | 262/810 kB | 17 kB | 16/334 kBProgress (4): 137/182 kB | 266/810 kB | 17 kB | 16/334 kBProgress (4): 140/182 kB | 266/810 kB | 17 kB | 16/334 kBProgress (4): 140/182 kB | 270/810 kB | 17 kB | 16/334 kBProgress (4): 143/182 kB | 270/810 kB | 17 kB | 16/334 kBProgress (4): 145/182 kB | 270/810 kB | 17 kB | 16/334 kBProgress (4): 145/182 kB | 274/810 kB | 17 kB | 16/334 kBProgress (4): 145/182 kB | 279/810 kB | 17 kB | 16/334 kBProgress (4): 145/182 kB | 279/810 kB | 17 kB | 20/334 kBProgress (4): 145/182 kB | 279/810 kB | 17 kB | 25/334 kBProgress (4): 145/182 kB | 279/810 kB | 17 kB | 29/334 kBProgress (4): 145/182 kB | 279/810 kB | 17 kB | 33/334 kBProgress (4): 145/182 kB | 283/810 kB | 17 kB | 33/334 kBProgress (4): 145/182 kB | 287/810 kB | 17 kB | 33/334 kBProgress (4): 145/182 kB | 291/810 kB | 17 kB | 33/334 kBProgress (4): 145/182 kB | 295/810 kB | 17 kB | 33/334 kBProgress (4): 145/182 kB | 299/810 kB | 17 kB | 33/334 kBProgress (4): 145/182 kB | 303/810 kB | 17 kB | 33/334 kBProgress (4): 145/182 kB | 307/810 kB | 17 kB | 33/334 kBProgress (4): 145/182 kB | 311/810 kB | 17 kB | 33/334 kBProgress (4): 145/182 kB | 315/810 kB | 17 kB | 33/334 kBProgress (4): 145/182 kB | 319/810 kB | 17 kB | 33/334 kBProgress (5): 145/182 kB | 319/810 kB | 17 kB | 33/334 kB | 2.7/11 kBProgress (5): 145/182 kB | 324/810 kB | 17 kB | 33/334 kB | 2.7/11 kBProgress (5): 145/182 kB | 328/810 kB | 17 kB | 33/334 kB | 2.7/11 kBProgress (5): 145/182 kB | 332/810 kB | 17 kB | 33/334 kB | 2.7/11 kBProgress (5): 145/182 kB | 336/810 kB | 17 kB | 33/334 kB | 2.7/11 kBProgress (5): 145/182 kB | 340/810 kB | 17 kB | 33/334 kB | 2.7/11 kBProgress (5): 145/182 kB | 344/810 kB | 17 kB | 33/334 kB | 2.7/11 kBProgress (5): 145/182 kB | 348/810 kB | 17 kB | 33/334 kB | 2.7/11 kBProgress (5): 145/182 kB | 352/810 kB | 17 kB | 33/334 kB | 2.7/11 kBProgress (5): 145/182 kB | 352/810 kB | 17 kB | 37/334 kB | 2.7/11 kBProgress (5): 145/182 kB | 352/810 kB | 17 kB | 41/334 kB | 2.7/11 kBProgress (5): 145/182 kB | 352/810 kB | 17 kB | 45/334 kB | 2.7/11 kBProgress (5): 145/182 kB | 352/810 kB | 17 kB | 49/334 kB | 2.7/11 kBProgress (5): 145/182 kB | 356/810 kB | 17 kB | 49/334 kB | 2.7/11 kBProgress (5): 145/182 kB | 360/810 kB | 17 kB | 49/334 kB | 2.7/11 kBProgress (5): 145/182 kB | 365/810 kB | 17 kB | 49/334 kB | 2.7/11 kBProgress (5): 145/182 kB | 369/810 kB | 17 kB | 49/334 kB | 2.7/11 kBProgress (5): 145/182 kB | 369/810 kB | 17 kB | 49/334 kB | 5.5/11 kBProgress (5): 145/182 kB | 369/810 kB | 17 kB | 49/334 kB | 8.2/11 kBProgress (5): 145/182 kB | 373/810 kB | 17 kB | 49/334 kB | 8.2/11 kBProgress (5): 145/182 kB | 373/810 kB | 17 kB | 49/334 kB | 11 kB    Progress (5): 145/182 kB | 377/810 kB | 17 kB | 49/334 kB | 11 kBProgress (5): 145/182 kB | 381/810 kB | 17 kB | 49/334 kB | 11 kBProgress (5): 145/182 kB | 385/810 kB | 17 kB | 49/334 kB | 11 kBProgress (5): 145/182 kB | 385/810 kB | 17 kB | 53/334 kB | 11 kBProgress (5): 145/182 kB | 385/810 kB | 17 kB | 57/334 kB | 11 kBProgress (5): 145/182 kB | 385/810 kB | 17 kB | 61/334 kB | 11 kBProgress (5): 145/182 kB | 385/810 kB | 17 kB | 66/334 kB | 11 kBProgress (5): 145/182 kB | 389/810 kB | 17 kB | 66/334 kB | 11 kBProgress (5): 145/182 kB | 393/810 kB | 17 kB | 66/334 kB | 11 kBProgress (5): 145/182 kB | 397/810 kB | 17 kB | 66/334 kB | 11 kBProgress (5): 145/182 kB | 401/810 kB | 17 kB | 66/334 kB | 11 kBProgress (5): 148/182 kB | 401/810 kB | 17 kB | 66/334 kB | 11 kBProgress (5): 151/182 kB | 401/810 kB | 17 kB | 66/334 kB | 11 kBProgress (5): 151/182 kB | 401/810 kB | 17 kB | 70/334 kB | 11 kBProgress (5): 151/182 kB | 401/810 kB | 17 kB | 74/334 kB | 11 kBProgress (5): 151/182 kB | 401/810 kB | 17 kB | 78/334 kB | 11 kBProgress (5): 151/182 kB | 401/810 kB | 17 kB | 82/334 kB | 11 kBProgress (5): 151/182 kB | 406/810 kB | 17 kB | 82/334 kB | 11 kBProgress (5): 151/182 kB | 410/810 kB | 17 kB | 82/334 kB | 11 kBProgress (5): 151/182 kB | 414/810 kB | 17 kB | 82/334 kB | 11 kBProgress (5): 151/182 kB | 418/810 kB | 17 kB | 82/334 kB | 11 kBProgress (5): 151/182 kB | 422/810 kB | 17 kB | 82/334 kB | 11 kBProgress (5): 151/182 kB | 426/810 kB | 17 kB | 82/334 kB | 11 kBProgress (5): 151/182 kB | 430/810 kB | 17 kB | 82/334 kB | 11 kBProgress (5): 151/182 kB | 434/810 kB | 17 kB | 82/334 kB | 11 kBProgress (5): 151/182 kB | 434/810 kB | 17 kB | 86/334 kB | 11 kBProgress (5): 151/182 kB | 434/810 kB | 17 kB | 90/334 kB | 11 kBProgress (5): 151/182 kB | 434/810 kB | 17 kB | 94/334 kB | 11 kBProgress (5): 151/182 kB | 434/810 kB | 17 kB | 98/334 kB | 11 kBProgress (5): 151/182 kB | 438/810 kB | 17 kB | 98/334 kB | 11 kBProgress (5): 151/182 kB | 442/810 kB | 17 kB | 98/334 kB | 11 kBProgress (5): 151/182 kB | 446/810 kB | 17 kB | 98/334 kB | 11 kBProgress (5): 151/182 kB | 451/810 kB | 17 kB | 98/334 kB | 11 kBProgress (5): 151/182 kB | 451/810 kB | 17 kB | 102/334 kB | 11 kBProgress (5): 151/182 kB | 455/810 kB | 17 kB | 102/334 kB | 11 kBProgress (5): 151/182 kB | 459/810 kB | 17 kB | 102/334 kB | 11 kBProgress (5): 151/182 kB | 463/810 kB | 17 kB | 102/334 kB | 11 kBProgress (5): 151/182 kB | 467/810 kB | 17 kB | 102/334 kB | 11 kBProgress (5): 151/182 kB | 467/810 kB | 17 kB | 106/334 kB | 11 kBProgress (5): 151/182 kB | 467/810 kB | 17 kB | 111/334 kB | 11 kBProgress (5): 151/182 kB | 467/810 kB | 17 kB | 115/334 kB | 11 kBProgress (5): 151/182 kB | 471/810 kB | 17 kB | 115/334 kB | 11 kBProgress (5): 151/182 kB | 475/810 kB | 17 kB | 115/334 kB | 11 kBProgress (5): 151/182 kB | 475/810 kB | 17 kB | 119/334 kB | 11 kBProgress (5): 151/182 kB | 479/810 kB | 17 kB | 119/334 kB | 11 kBProgress (5): 151/182 kB | 479/810 kB | 17 kB | 123/334 kB | 11 kBProgress (5): 151/182 kB | 479/810 kB | 17 kB | 127/334 kB | 11 kBProgress (5): 151/182 kB | 479/810 kB | 17 kB | 131/334 kB | 11 kBProgress (5): 151/182 kB | 479/810 kB | 17 kB | 135/334 kB | 11 kBProgress (5): 151/182 kB | 483/810 kB | 17 kB | 135/334 kB | 11 kBProgress (5): 151/182 kB | 483/810 kB | 17 kB | 139/334 kB | 11 kBProgress (5): 151/182 kB | 483/810 kB | 17 kB | 143/334 kB | 11 kBProgress (5): 151/182 kB | 487/810 kB | 17 kB | 143/334 kB | 11 kBProgress (5): 151/182 kB | 487/810 kB | 17 kB | 147/334 kB | 11 kBProgress (5): 151/182 kB | 491/810 kB | 17 kB | 147/334 kB | 11 kBProgress (5): 151/182 kB | 495/810 kB | 17 kB | 147/334 kB | 11 kBProgress (5): 151/182 kB | 499/810 kB | 17 kB | 147/334 kB | 11 kBProgress (5): 151/182 kB | 503/810 kB | 17 kB | 147/334 kB | 11 kBProgress (5): 151/182 kB | 507/810 kB | 17 kB | 147/334 kB | 11 kBProgress (5): 151/182 kB | 511/810 kB | 17 kB | 147/334 kB | 11 kBProgress (5): 151/182 kB | 515/810 kB | 17 kB | 147/334 kB | 11 kBProgress (5): 151/182 kB | 520/810 kB | 17 kB | 147/334 kB | 11 kBProgress (5): 151/182 kB | 524/810 kB | 17 kB | 147/334 kB | 11 kBProgress (5): 151/182 kB | 524/810 kB | 17 kB | 152/334 kB | 11 kBProgress (5): 151/182 kB | 524/810 kB | 17 kB | 156/334 kB | 11 kBProgress (5): 151/182 kB | 524/810 kB | 17 kB | 160/334 kB | 11 kBProgress (5): 151/182 kB | 524/810 kB | 17 kB | 164/334 kB | 11 kBProgress (5): 151/182 kB | 528/810 kB | 17 kB | 164/334 kB | 11 kBProgress (5): 151/182 kB | 532/810 kB | 17 kB | 164/334 kB | 11 kBProgress (5): 151/182 kB | 536/810 kB | 17 kB | 164/334 kB | 11 kBProgress (5): 151/182 kB | 540/810 kB | 17 kB | 164/334 kB | 11 kBProgress (5): 151/182 kB | 540/810 kB | 17 kB | 168/334 kB | 11 kBProgress (5): 151/182 kB | 540/810 kB | 17 kB | 172/334 kB | 11 kBProgress (5): 151/182 kB | 540/810 kB | 17 kB | 176/334 kB | 11 kBProgress (5): 151/182 kB | 540/810 kB | 17 kB | 180/334 kB | 11 kBProgress (5): 151/182 kB | 540/810 kB | 17 kB | 184/334 kB | 11 kBProgress (5): 151/182 kB | 540/810 kB | 17 kB | 188/334 kB | 11 kBProgress (5): 151/182 kB | 540/810 kB | 17 kB | 193/334 kB | 11 kBProgress (5): 151/182 kB | 540/810 kB | 17 kB | 197/334 kB | 11 kBProgress (5): 151/182 kB | 540/810 kB | 17 kB | 201/334 kB | 11 kBProgress (5): 151/182 kB | 540/810 kB | 17 kB | 205/334 kB | 11 kBProgress (5): 151/182 kB | 540/810 kB | 17 kB | 209/334 kB | 11 kBProgress (5): 151/182 kB | 540/810 kB | 17 kB | 213/334 kB | 11 kBProgress (5): 154/182 kB | 540/810 kB | 17 kB | 213/334 kB | 11 kBProgress (5): 154/182 kB | 540/810 kB | 17 kB | 217/334 kB | 11 kBProgress (5): 156/182 kB | 540/810 kB | 17 kB | 217/334 kB | 11 kBProgress (5): 156/182 kB | 540/810 kB | 17 kB | 221/334 kB | 11 kBProgress (5): 159/182 kB | 540/810 kB | 17 kB | 221/334 kB | 11 kBProgress (5): 159/182 kB | 544/810 kB | 17 kB | 221/334 kB | 11 kBProgress (5): 159/182 kB | 544/810 kB | 17 kB | 225/334 kB | 11 kBProgress (5): 159/182 kB | 548/810 kB | 17 kB | 225/334 kB | 11 kBProgress (5): 159/182 kB | 548/810 kB | 17 kB | 229/334 kB | 11 kBProgress (5): 159/182 kB | 552/810 kB | 17 kB | 229/334 kB | 11 kBProgress (5): 159/182 kB | 556/810 kB | 17 kB | 229/334 kB | 11 kBProgress (5): 159/182 kB | 561/810 kB | 17 kB | 229/334 kB | 11 kBProgress (5): 159/182 kB | 565/810 kB | 17 kB | 229/334 kB | 11 kBProgress (5): 159/182 kB | 569/810 kB | 17 kB | 229/334 kB | 11 kBProgress (5): 159/182 kB | 573/810 kB | 17 kB | 229/334 kB | 11 kBProgress (5): 159/182 kB | 577/810 kB | 17 kB | 229/334 kB | 11 kBProgress (5): 159/182 kB | 577/810 kB | 17 kB | 233/334 kB | 11 kBProgress (5): 159/182 kB | 581/810 kB | 17 kB | 233/334 kB | 11 kBProgress (5): 159/182 kB | 581/810 kB | 17 kB | 238/334 kB | 11 kBProgress (5): 159/182 kB | 581/810 kB | 17 kB | 242/334 kB | 11 kBProgress (5): 159/182 kB | 581/810 kB | 17 kB | 246/334 kB | 11 kBProgress (5): 159/182 kB | 585/810 kB | 17 kB | 246/334 kB | 11 kBProgress (5): 159/182 kB | 589/810 kB | 17 kB | 246/334 kB | 11 kBProgress (5): 159/182 kB | 589/810 kB | 17 kB | 250/334 kB | 11 kBProgress (5): 159/182 kB | 589/810 kB | 17 kB | 254/334 kB | 11 kBProgress (5): 159/182 kB | 589/810 kB | 17 kB | 258/334 kB | 11 kBProgress (5): 159/182 kB | 589/810 kB | 17 kB | 262/334 kB | 11 kBProgress (5): 159/182 kB | 589/810 kB | 17 kB | 266/334 kB | 11 kBProgress (5): 159/182 kB | 589/810 kB | 17 kB | 270/334 kB | 11 kBProgress (5): 159/182 kB | 593/810 kB | 17 kB | 270/334 kB | 11 kBProgress (5): 159/182 kB | 597/810 kB | 17 kB | 270/334 kB | 11 kBProgress (5): 159/182 kB | 602/810 kB | 17 kB | 270/334 kB | 11 kBProgress (5): 159/182 kB | 606/810 kB | 17 kB | 270/334 kB | 11 kBProgress (5): 162/182 kB | 606/810 kB | 17 kB | 270/334 kB | 11 kBProgress (5): 162/182 kB | 610/810 kB | 17 kB | 270/334 kB | 11 kBProgress (5): 162/182 kB | 610/810 kB | 17 kB | 274/334 kB | 11 kBProgress (5): 162/182 kB | 610/810 kB | 17 kB | 279/334 kB | 11 kBProgress (5): 162/182 kB | 610/810 kB | 17 kB | 283/334 kB | 11 kBProgress (5): 162/182 kB | 610/810 kB | 17 kB | 287/334 kB | 11 kBProgress (5): 162/182 kB | 614/810 kB | 17 kB | 287/334 kB | 11 kBProgress (5): 162/182 kB | 618/810 kB | 17 kB | 287/334 kB | 11 kBProgress (5): 162/182 kB | 622/810 kB | 17 kB | 287/334 kB | 11 kBProgress (5): 162/182 kB | 626/810 kB | 17 kB | 287/334 kB | 11 kBProgress (5): 162/182 kB | 630/810 kB | 17 kB | 287/334 kB | 11 kBProgress (5): 162/182 kB | 634/810 kB | 17 kB | 287/334 kB | 11 kBProgress (5): 162/182 kB | 638/810 kB | 17 kB | 287/334 kB | 11 kBProgress (5): 162/182 kB | 642/810 kB | 17 kB | 287/334 kB | 11 kBProgress (5): 162/182 kB | 647/810 kB | 17 kB | 287/334 kB | 11 kBProgress (5): 162/182 kB | 651/810 kB | 17 kB | 287/334 kB | 11 kBProgress (5): 162/182 kB | 655/810 kB | 17 kB | 287/334 kB | 11 kBProgress (5): 162/182 kB | 659/810 kB | 17 kB | 287/334 kB | 11 kBProgress (5): 162/182 kB | 663/810 kB | 17 kB | 287/334 kB | 11 kBProgress (5): 162/182 kB | 667/810 kB | 17 kB | 287/334 kB | 11 kBProgress (5): 162/182 kB | 671/810 kB | 17 kB | 287/334 kB | 11 kBProgress (5): 162/182 kB | 671/810 kB | 17 kB | 291/334 kB | 11 kBProgress (5): 162/182 kB | 671/810 kB | 17 kB | 295/334 kB | 11 kBProgress (5): 162/182 kB | 671/810 kB | 17 kB | 299/334 kB | 11 kBProgress (5): 162/182 kB | 671/810 kB | 17 kB | 303/334 kB | 11 kBProgress (5): 162/182 kB | 675/810 kB | 17 kB | 303/334 kB | 11 kBProgress (5): 162/182 kB | 679/810 kB | 17 kB | 303/334 kB | 11 kBProgress (5): 162/182 kB | 683/810 kB | 17 kB | 303/334 kB | 11 kBProgress (5): 162/182 kB | 688/810 kB | 17 kB | 303/334 kB | 11 kBProgress (5): 162/182 kB | 692/810 kB | 17 kB | 303/334 kB | 11 kBProgress (5): 162/182 kB | 692/810 kB | 17 kB | 307/334 kB | 11 kBProgress (5): 162/182 kB | 694/810 kB | 17 kB | 307/334 kB | 11 kBProgress (5): 162/182 kB | 694/810 kB | 17 kB | 311/334 kB | 11 kBProgress (5): 162/182 kB | 694/810 kB | 17 kB | 315/334 kB | 11 kBProgress (5): 162/182 kB | 694/810 kB | 17 kB | 319/334 kB | 11 kBProgress (5): 165/182 kB | 694/810 kB | 17 kB | 319/334 kB | 11 kBProgress (5): 167/182 kB | 694/810 kB | 17 kB | 319/334 kB | 11 kBProgress (5): 167/182 kB | 698/810 kB | 17 kB | 319/334 kB | 11 kBProgress (5): 167/182 kB | 702/810 kB | 17 kB | 319/334 kB | 11 kBProgress (5): 167/182 kB | 706/810 kB | 17 kB | 319/334 kB | 11 kBProgress (5): 167/182 kB | 710/810 kB | 17 kB | 319/334 kB | 11 kBProgress (5): 167/182 kB | 714/810 kB | 17 kB | 319/334 kB | 11 kBProgress (5): 167/182 kB | 718/810 kB | 17 kB | 319/334 kB | 11 kBProgress (5): 167/182 kB | 722/810 kB | 17 kB | 319/334 kB | 11 kBProgress (5): 167/182 kB | 727/810 kB | 17 kB | 319/334 kB | 11 kBProgress (5): 170/182 kB | 727/810 kB | 17 kB | 319/334 kB | 11 kBProgress (5): 173/182 kB | 727/810 kB | 17 kB | 319/334 kB | 11 kBProgress (5): 175/182 kB | 727/810 kB | 17 kB | 319/334 kB | 11 kBProgress (5): 178/182 kB | 727/810 kB | 17 kB | 319/334 kB | 11 kBProgress (5): 181/182 kB | 727/810 kB | 17 kB | 319/334 kB | 11 kBProgress (5): 182 kB | 727/810 kB | 17 kB | 319/334 kB | 11 kB    Progress (5): 182 kB | 731/810 kB | 17 kB | 319/334 kB | 11 kBProgress (5): 182 kB | 735/810 kB | 17 kB | 319/334 kB | 11 kBProgress (5): 182 kB | 739/810 kB | 17 kB | 319/334 kB | 11 kBProgress (5): 182 kB | 743/810 kB | 17 kB | 319/334 kB | 11 kBProgress (5): 182 kB | 747/810 kB | 17 kB | 319/334 kB | 11 kBProgress (5): 182 kB | 751/810 kB | 17 kB | 319/334 kB | 11 kBProgress (5): 182 kB | 755/810 kB | 17 kB | 319/334 kB | 11 kBProgress (5): 182 kB | 759/810 kB | 17 kB | 319/334 kB | 11 kBProgress (5): 182 kB | 763/810 kB | 17 kB | 319/334 kB | 11 kBProgress (5): 182 kB | 768/810 kB | 17 kB | 319/334 kB | 11 kBProgress (5): 182 kB | 772/810 kB | 17 kB | 319/334 kB | 11 kBProgress (5): 182 kB | 776/810 kB | 17 kB | 319/334 kB | 11 kBProgress (5): 182 kB | 780/810 kB | 17 kB | 319/334 kB | 11 kBProgress (5): 182 kB | 784/810 kB | 17 kB | 319/334 kB | 11 kBProgress (5): 182 kB | 788/810 kB | 17 kB | 319/334 kB | 11 kBProgress (5): 182 kB | 792/810 kB | 17 kB | 319/334 kB | 11 kBProgress (5): 182 kB | 792/810 kB | 17 kB | 324/334 kB | 11 kBProgress (5): 182 kB | 792/810 kB | 17 kB | 328/334 kB | 11 kBProgress (5): 182 kB | 792/810 kB | 17 kB | 332/334 kB | 11 kBProgress (5): 182 kB | 792/810 kB | 17 kB | 334 kB | 11 kB                                                              Downloaded from central: https://repo.maven.apache.org/maven2/org/seleniumhq/selenium/selenium-ie-driver/3.141.59/selenium-ie-driver-3.141.59.jar (17 kB at 53 kB/s)
Downloading from central: https://repo.maven.apache.org/maven2/org/seleniumhq/selenium/selenium-safari-driver/3.141.59/selenium-safari-driver-3.141.59.jar
Progress (4): 182 kB | 796/810 kB | 334 kB | 11 kBProgress (4): 182 kB | 800/810 kB | 334 kB | 11 kBProgress (4): 182 kB | 804/810 kB | 334 kB | 11 kBProgress (4): 182 kB | 808/810 kB | 334 kB | 11 kB                                                  Downloaded from central: https://repo.maven.apache.org/maven2/org/seleniumhq/selenium/selenium-opera-driver/3.141.59/selenium-opera-driver-3.141.59.jar (11 kB at 33 kB/s)
Downloading from central: https://repo.maven.apache.org/maven2/org/seleniumhq/selenium/selenium-support/3.141.59/selenium-support-3.141.59.jar
Progress (3): 182 kB | 810 kB | 334 kB                                      Downloaded from central: https://repo.maven.apache.org/maven2/org/seleniumhq/selenium/selenium-remote-driver/3.141.59/selenium-remote-driver-3.141.59.jar (334 kB at 817 kB/s)
Downloading from central: https://repo.maven.apache.org/maven2/org/apache/commons/commons-exec/1.3/commons-exec-1.3.jar
Downloaded from central: https://repo.maven.apache.org/maven2/org/seleniumhq/selenium/selenium-api/3.141.59/selenium-api-3.141.59.jar (182 kB at 442 kB/s)
Downloading from central: https://repo.maven.apache.org/maven2/com/google/guava/guava/25.0-jre/guava-25.0-jre.jar
Progress (2): 810 kB | 4.1/151 kBProgress (2): 810 kB | 8.2/151 kBProgress (2): 810 kB | 12/151 kB Progress (2): 810 kB | 16/151 kBProgress (3): 810 kB | 16/151 kB | 4.1/16 kBProgress (3): 810 kB | 16/151 kB | 8.2/16 kBProgress (3): 810 kB | 16/151 kB | 12/16 kB Progress (3): 810 kB | 16/151 kB | 16 kB   Progress (3): 810 kB | 20/151 kB | 16 kBProgress (3): 810 kB | 25/151 kB | 16 kBProgress (3): 810 kB | 29/151 kB | 16 kBProgress (3): 810 kB | 33/151 kB | 16 kBProgress (3): 810 kB | 37/151 kB | 16 kBProgress (3): 810 kB | 41/151 kB | 16 kBProgress (3): 810 kB | 45/151 kB | 16 kBProgress (3): 810 kB | 49/151 kB | 16 kB                                        Downloaded from central: https://repo.maven.apache.org/maven2/org/seleniumhq/selenium/selenium-firefox-driver/3.141.59/selenium-firefox-driver-3.141.59.jar (810 kB at 1.9 MB/s)
Downloading from central: https://repo.maven.apache.org/maven2/com/google/code/findbugs/jsr305/1.3.9/jsr305-1.3.9.jar
Progress (2): 53/151 kB | 16 kBProgress (2): 57/151 kB | 16 kBProgress (2): 61/151 kB | 16 kBProgress (2): 66/151 kB | 16 kBProgress (2): 70/151 kB | 16 kBProgress (2): 74/151 kB | 16 kBProgress (2): 78/151 kB | 16 kBProgress (2): 82/151 kB | 16 kBProgress (2): 86/151 kB | 16 kBProgress (2): 90/151 kB | 16 kBProgress (2): 94/151 kB | 16 kBProgress (2): 98/151 kB | 16 kBProgress (2): 102/151 kB | 16 kBProgress (2): 106/151 kB | 16 kBProgress (2): 111/151 kB | 16 kBProgress (2): 115/151 kB | 16 kBProgress (2): 119/151 kB | 16 kBProgress (2): 123/151 kB | 16 kBProgress (2): 127/151 kB | 16 kBProgress (2): 131/151 kB | 16 kBProgress (2): 135/151 kB | 16 kBProgress (2): 139/151 kB | 16 kBProgress (2): 143/151 kB | 16 kBProgress (2): 147/151 kB | 16 kBProgress (2): 151 kB | 16 kB    Progress (3): 151 kB | 16 kB | 2.7/54 kBProgress (3): 151 kB | 16 kB | 5.5/54 kBProgress (3): 151 kB | 16 kB | 8.2/54 kBProgress (3): 151 kB | 16 kB | 11/54 kB Progress (3): 151 kB | 16 kB | 14/54 kB                                       Downloaded from central: https://repo.maven.apache.org/maven2/org/seleniumhq/selenium/selenium-safari-driver/3.141.59/selenium-safari-driver-3.141.59.jar (16 kB at 33 kB/s)
Downloading from central: https://repo.maven.apache.org/maven2/org/checkerframework/checker-compat-qual/2.0.0/checker-compat-qual-2.0.0.jar
Progress (3): 151 kB | 14/54 kB | 0/2.7 MBProgress (3): 151 kB | 16/54 kB | 0/2.7 MBProgress (3): 151 kB | 19/54 kB | 0/2.7 MBProgress (4): 151 kB | 19/54 kB | 0/2.7 MB | 4.1/33 kBProgress (4): 151 kB | 19/54 kB | 0/2.7 MB | 8.2/33 kBProgress (4): 151 kB | 19/54 kB | 0/2.7 MB | 12/33 kB Progress (4): 151 kB | 19/54 kB | 0/2.7 MB | 16/33 kBProgress (4): 151 kB | 19/54 kB | 0/2.7 MB | 16/33 kB                                                     Downloaded from central: https://repo.maven.apache.org/maven2/org/seleniumhq/selenium/selenium-support/3.141.59/selenium-support-3.141.59.jar (151 kB at 303 kB/s)
Downloading from central: https://repo.maven.apache.org/maven2/com/google/errorprone/error_prone_annotations/2.1.3/error_prone_annotations-2.1.3.jar
Progress (3): 19/54 kB | 0/2.7 MB | 20/33 kBProgress (3): 19/54 kB | 0/2.7 MB | 25/33 kBProgress (3): 19/54 kB | 0/2.7 MB | 29/33 kBProgress (3): 19/54 kB | 0/2.7 MB | 33/33 kBProgress (3): 19/54 kB | 0/2.7 MB | 33 kB   Progress (3): 22/54 kB | 0/2.7 MB | 33 kBProgress (3): 25/54 kB | 0/2.7 MB | 33 kBProgress (3): 27/54 kB | 0/2.7 MB | 33 kBProgress (3): 27/54 kB | 0/2.7 MB | 33 kBProgress (3): 30/54 kB | 0/2.7 MB | 33 kBProgress (3): 33/54 kB | 0/2.7 MB | 33 kBProgress (3): 36/54 kB | 0/2.7 MB | 33 kBProgress (3): 38/54 kB | 0/2.7 MB | 33 kBProgress (3): 41/54 kB | 0/2.7 MB | 33 kBProgress (3): 44/54 kB | 0/2.7 MB | 33 kBProgress (3): 47/54 kB | 0/2.7 MB | 33 kBProgress (3): 49/54 kB | 0/2.7 MB | 33 kBProgress (3): 52/54 kB | 0/2.7 MB | 33 kBProgress (3): 52/54 kB | 0/2.7 MB | 33 kBProgress (3): 54 kB | 0/2.7 MB | 33 kB   Progress (3): 54 kB | 0.1/2.7 MB | 33 kBProgress (3): 54 kB | 0.1/2.7 MB | 33 kBProgress (4): 54 kB | 0.1/2.7 MB | 33 kB | 4.1/32 kBProgress (4): 54 kB | 0.1/2.7 MB | 33 kB | 8.2/32 kBProgress (4): 54 kB | 0.1/2.7 MB | 33 kB | 12/32 kB Progress (4): 54 kB | 0.1/2.7 MB | 33 kB | 16/32 kBProgress (4): 54 kB | 0.1/2.7 MB | 33 kB | 20/32 kBProgress (4): 54 kB | 0.1/2.7 MB | 33 kB | 25/32 kBProgress (4): 54 kB | 0.1/2.7 MB | 33 kB | 29/32 kBProgress (4): 54 kB | 0.1/2.7 MB | 33 kB | 32 kB   Progress (4): 54 kB | 0.1/2.7 MB | 33 kB | 32 kBProgress (4): 54 kB | 0.1/2.7 MB | 33 kB | 32 kBProgress (4): 54 kB | 0.1/2.7 MB | 33 kB | 32 kBProgress (4): 54 kB | 0.1/2.7 MB | 33 kB | 32 kB                                                Downloaded from central: https://repo.maven.apache.org/maven2/com/google/code/findbugs/jsr305/1.3.9/jsr305-1.3.9.jar (33 kB at 60 kB/s)
Downloading from central: https://repo.maven.apache.org/maven2/com/google/j2objc/j2objc-annotations/1.1/j2objc-annotations-1.1.jar
Progress (4): 54 kB | 0.1/2.7 MB | 32 kB | 4.1/14 kBProgress (4): 54 kB | 0.1/2.7 MB | 32 kB | 8.2/14 kBProgress (4): 54 kB | 0.1/2.7 MB | 32 kB | 12/14 kB Progress (4): 54 kB | 0.1/2.7 MB | 32 kB | 14 kB   Progress (4): 54 kB | 0.1/2.7 MB | 32 kB | 14 kBProgress (4): 54 kB | 0.1/2.7 MB | 32 kB | 14 kBProgress (4): 54 kB | 0.2/2.7 MB | 32 kB | 14 kBProgress (4): 54 kB | 0.2/2.7 MB | 32 kB | 14 kB                                                Downloaded from central: https://repo.maven.apache.org/maven2/org/apache/commons/commons-exec/1.3/commons-exec-1.3.jar (54 kB at 90 kB/s)
Progress (3): 0.2/2.7 MB | 32 kB | 14 kB                                        Downloading from central: https://repo.maven.apache.org/maven2/org/codehaus/mojo/animal-sniffer-annotations/1.14/animal-sniffer-annotations-1.14.jar
Downloaded from central: https://repo.maven.apache.org/maven2/org/checkerframework/checker-compat-qual/2.0.0/checker-compat-qual-2.0.0.jar (32 kB at 52 kB/s)
Downloading from central: https://repo.maven.apache.org/maven2/com/squareup/okhttp3/okhttp/3.14.6/okhttp-3.14.6.jar
Progress (2): 0.2/2.7 MB | 14 kBProgress (2): 0.2/2.7 MB | 14 kBProgress (2): 0.2/2.7 MB | 14 kBProgress (2): 0.2/2.7 MB | 14 kBProgress (3): 0.2/2.7 MB | 14 kB | 4.1/8.8 kBProgress (3): 0.2/2.7 MB | 14 kB | 8.2/8.8 kBProgress (3): 0.2/2.7 MB | 14 kB | 8.8 kB    Progress (3): 0.3/2.7 MB | 14 kB | 8.8 kBProgress (3): 0.3/2.7 MB | 14 kB | 8.8 kB                                         Downloaded from central: https://repo.maven.apache.org/maven2/com/google/j2objc/j2objc-annotations/1.1/j2objc-annotations-1.1.jar (8.8 kB at 13 kB/s)
Downloaded from central: https://repo.maven.apache.org/maven2/com/google/errorprone/error_prone_annotations/2.1.3/error_prone_annotations-2.1.3.jar (14 kB at 21 kB/s)
Downloading from central: https://repo.maven.apache.org/maven2/com/squareup/okio/okio/1.14.0/okio-1.14.0.jar
Progress (1): 0.3/2.7 MBProgress (2): 0.3/2.7 MB | 2.7/3.5 kBProgress (2): 0.3/2.7 MB | 3.5 kB    Progress (3): 0.3/2.7 MB | 3.5 kB | 4.1/428 kBProgress (3): 0.3/2.7 MB | 3.5 kB | 8.2/428 kBProgress (3): 0.3/2.7 MB | 3.5 kB | 12/428 kB Progress (3): 0.3/2.7 MB | 3.5 kB | 16/428 kBProgress (3): 0.3/2.7 MB | 3.5 kB | 20/428 kBProgress (3): 0.3/2.7 MB | 3.5 kB | 25/428 kBProgress (3): 0.3/2.7 MB | 3.5 kB | 29/428 kBProgress (3): 0.3/2.7 MB | 3.5 kB | 33/428 kBProgress (3): 0.3/2.7 MB | 3.5 kB | 37/428 kBProgress (3): 0.3/2.7 MB | 3.5 kB | 41/428 kBProgress (3): 0.3/2.7 MB | 3.5 kB | 45/428 kBProgress (3): 0.3/2.7 MB | 3.5 kB | 49/428 kBProgress (3): 0.3/2.7 MB | 3.5 kB | 53/428 kBProgress (3): 0.3/2.7 MB | 3.5 kB | 57/428 kBProgress (3): 0.3/2.7 MB | 3.5 kB | 57/428 kBProgress (3): 0.3/2.7 MB | 3.5 kB | 61/428 kBProgress (3): 0.3/2.7 MB | 3.5 kB | 66/428 kBProgress (3): 0.3/2.7 MB | 3.5 kB | 70/428 kBProgress (3): 0.3/2.7 MB | 3.5 kB | 74/428 kBProgress (3): 0.3/2.7 MB | 3.5 kB | 78/428 kBProgress (3): 0.3/2.7 MB | 3.5 kB | 82/428 kBProgress (3): 0.3/2.7 MB | 3.5 kB | 86/428 kBProgress (3): 0.3/2.7 MB | 3.5 kB | 90/428 kBProgress (3): 0.3/2.7 MB | 3.5 kB | 94/428 kBProgress (3): 0.3/2.7 MB | 3.5 kB | 98/428 kBProgress (3): 0.3/2.7 MB | 3.5 kB | 102/428 kBProgress (3): 0.3/2.7 MB | 3.5 kB | 106/428 kBProgress (3): 0.3/2.7 MB | 3.5 kB | 111/428 kBProgress (3): 0.3/2.7 MB | 3.5 kB | 115/428 kBProgress (3): 0.3/2.7 MB | 3.5 kB | 119/428 kBProgress (3): 0.3/2.7 MB | 3.5 kB | 123/428 kBProgress (3): 0.3/2.7 MB | 3.5 kB | 123/428 kBProgress (3): 0.3/2.7 MB | 3.5 kB | 127/428 kBProgress (3): 0.3/2.7 MB | 3.5 kB | 131/428 kBProgress (3): 0.3/2.7 MB | 3.5 kB | 135/428 kBProgress (3): 0.3/2.7 MB | 3.5 kB | 135/428 kBProgress (3): 0.3/2.7 MB | 3.5 kB | 139/428 kBProgress (3): 0.3/2.7 MB | 3.5 kB | 143/428 kBProgress (3): 0.3/2.7 MB | 3.5 kB | 147/428 kBProgress (3): 0.3/2.7 MB | 3.5 kB | 152/428 kBProgress (3): 0.3/2.7 MB | 3.5 kB | 156/428 kBProgress (3): 0.3/2.7 MB | 3.5 kB | 160/428 kBProgress (3): 0.3/2.7 MB | 3.5 kB | 164/428 kBProgress (3): 0.3/2.7 MB | 3.5 kB | 168/428 kBProgress (3): 0.3/2.7 MB | 3.5 kB | 172/428 kBProgress (3): 0.3/2.7 MB | 3.5 kB | 176/428 kBProgress (3): 0.3/2.7 MB | 3.5 kB | 180/428 kBProgress (3): 0.3/2.7 MB | 3.5 kB | 184/428 kBProgress (3): 0.3/2.7 MB | 3.5 kB | 188/428 kBProgress (3): 0.4/2.7 MB | 3.5 kB | 188/428 kBProgress (3): 0.4/2.7 MB | 3.5 kB | 193/428 kBProgress (3): 0.4/2.7 MB | 3.5 kB | 197/428 kBProgress (3): 0.4/2.7 MB | 3.5 kB | 201/428 kBProgress (3): 0.4/2.7 MB | 3.5 kB | 205/428 kBProgress (3): 0.4/2.7 MB | 3.5 kB | 209/428 kBProgress (3): 0.4/2.7 MB | 3.5 kB | 213/428 kBProgress (3): 0.4/2.7 MB | 3.5 kB | 217/428 kBProgress (3): 0.4/2.7 MB | 3.5 kB | 221/428 kBProgress (3): 0.4/2.7 MB | 3.5 kB | 225/428 kBProgress (3): 0.4/2.7 MB | 3.5 kB | 229/428 kBProgress (3): 0.4/2.7 MB | 3.5 kB | 233/428 kBProgress (3): 0.4/2.7 MB | 3.5 kB | 238/428 kBProgress (3): 0.4/2.7 MB | 3.5 kB | 242/428 kBProgress (3): 0.4/2.7 MB | 3.5 kB | 246/428 kBProgress (3): 0.4/2.7 MB | 3.5 kB | 250/428 kBProgress (3): 0.4/2.7 MB | 3.5 kB | 254/428 kBProgress (3): 0.4/2.7 MB | 3.5 kB | 258/428 kBProgress (3): 0.4/2.7 MB | 3.5 kB | 262/428 kBProgress (3): 0.4/2.7 MB | 3.5 kB | 266/428 kBProgress (3): 0.4/2.7 MB | 3.5 kB | 266/428 kBProgress (3): 0.4/2.7 MB | 3.5 kB | 270/428 kBProgress (3): 0.4/2.7 MB | 3.5 kB | 274/428 kBProgress (3): 0.4/2.7 MB | 3.5 kB | 279/428 kBProgress (3): 0.4/2.7 MB | 3.5 kB | 283/428 kBProgress (3): 0.4/2.7 MB | 3.5 kB | 287/428 kBProgress (3): 0.4/2.7 MB | 3.5 kB | 291/428 kBProgress (3): 0.4/2.7 MB | 3.5 kB | 295/428 kBProgress (3): 0.4/2.7 MB | 3.5 kB | 299/428 kBProgress (3): 0.4/2.7 MB | 3.5 kB | 303/428 kBProgress (3): 0.4/2.7 MB | 3.5 kB | 307/428 kBProgress (3): 0.4/2.7 MB | 3.5 kB | 311/428 kBProgress (3): 0.4/2.7 MB | 3.5 kB | 315/428 kBProgress (3): 0.4/2.7 MB | 3.5 kB | 319/428 kBProgress (3): 0.4/2.7 MB | 3.5 kB | 324/428 kBProgress (3): 0.4/2.7 MB | 3.5 kB | 328/428 kBProgress (3): 0.4/2.7 MB | 3.5 kB | 332/428 kBProgress (3): 0.4/2.7 MB | 3.5 kB | 332/428 kBProgress (3): 0.4/2.7 MB | 3.5 kB | 336/428 kBProgress (3): 0.4/2.7 MB | 3.5 kB | 340/428 kBProgress (3): 0.4/2.7 MB | 3.5 kB | 344/428 kBProgress (3): 0.4/2.7 MB | 3.5 kB | 348/428 kBProgress (3): 0.4/2.7 MB | 3.5 kB | 352/428 kBProgress (3): 0.4/2.7 MB | 3.5 kB | 356/428 kBProgress (3): 0.4/2.7 MB | 3.5 kB | 360/428 kBProgress (3): 0.4/2.7 MB | 3.5 kB | 365/428 kBProgress (3): 0.4/2.7 MB | 3.5 kB | 365/428 kBProgress (3): 0.4/2.7 MB | 3.5 kB | 369/428 kBProgress (3): 0.4/2.7 MB | 3.5 kB | 373/428 kBProgress (3): 0.4/2.7 MB | 3.5 kB | 377/428 kBProgress (3): 0.4/2.7 MB | 3.5 kB | 381/428 kBProgress (3): 0.4/2.7 MB | 3.5 kB | 385/428 kBProgress (3): 0.4/2.7 MB | 3.5 kB | 389/428 kBProgress (3): 0.4/2.7 MB | 3.5 kB | 393/428 kBProgress (3): 0.4/2.7 MB | 3.5 kB | 397/428 kBProgress (3): 0.4/2.7 MB | 3.5 kB | 401/428 kBProgress (3): 0.4/2.7 MB | 3.5 kB | 401/428 kBProgress (3): 0.4/2.7 MB | 3.5 kB | 406/428 kBProgress (3): 0.4/2.7 MB | 3.5 kB | 410/428 kBProgress (3): 0.4/2.7 MB | 3.5 kB | 414/428 kBProgress (3): 0.4/2.7 MB | 3.5 kB | 418/428 kBProgress (3): 0.4/2.7 MB | 3.5 kB | 422/428 kBProgress (3): 0.4/2.7 MB | 3.5 kB | 426/428 kBProgress (3): 0.4/2.7 MB | 3.5 kB | 428 kB                                              Downloaded from central: https://repo.maven.apache.org/maven2/org/codehaus/mojo/animal-sniffer-annotations/1.14/animal-sniffer-annotations-1.14.jar (3.5 kB at 4.4 kB/s)
Progress (2): 0.4/2.7 MB | 428 kBProgress (3): 0.4/2.7 MB | 428 kB | 4.1/86 kBProgress (3): 0.5/2.7 MB | 428 kB | 4.1/86 kBProgress (3): 0.5/2.7 MB | 428 kB | 8.2/86 kBProgress (3): 0.5/2.7 MB | 428 kB | 12/86 kB Progress (3): 0.5/2.7 MB | 428 kB | 16/86 kBProgress (3): 0.5/2.7 MB | 428 kB | 20/86 kBProgress (3): 0.5/2.7 MB | 428 kB | 25/86 kBProgress (3): 0.5/2.7 MB | 428 kB | 29/86 kBProgress (3): 0.5/2.7 MB | 428 kB | 33/86 kBProgress (3): 0.5/2.7 MB | 428 kB | 37/86 kBProgress (3): 0.5/2.7 MB | 428 kB | 41/86 kBProgress (3): 0.5/2.7 MB | 428 kB | 45/86 kBProgress (3): 0.5/2.7 MB | 428 kB | 49/86 kBProgress (3): 0.5/2.7 MB | 428 kB | 53/86 kBProgress (3): 0.5/2.7 MB | 428 kB | 57/86 kBProgress (3): 0.5/2.7 MB | 428 kB | 61/86 kBProgress (3): 0.5/2.7 MB | 428 kB | 66/86 kBProgress (3): 0.5/2.7 MB | 428 kB | 70/86 kBProgress (3): 0.5/2.7 MB | 428 kB | 74/86 kBProgress (3): 0.5/2.7 MB | 428 kB | 78/86 kBProgress (3): 0.5/2.7 MB | 428 kB | 82/86 kBProgress (3): 0.5/2.7 MB | 428 kB | 86 kB                                            Downloaded from central: https://repo.maven.apache.org/maven2/com/squareup/okhttp3/okhttp/3.14.6/okhttp-3.14.6.jar (428 kB at 505 kB/s)
Progress (2): 0.5/2.7 MB | 86 kB                                Downloaded from central: https://repo.maven.apache.org/maven2/com/squareup/okio/okio/1.14.0/okio-1.14.0.jar (86 kB at 101 kB/s)
Progress (1): 0.5/2.7 MBProgress (1): 0.5/2.7 MBProgress (1): 0.5/2.7 MBProgress (1): 0.5/2.7 MBProgress (1): 0.5/2.7 MBProgress (1): 0.6/2.7 MBProgress (1): 0.6/2.7 MBProgress (1): 0.6/2.7 MBProgress (1): 0.6/2.7 MBProgress (1): 0.6/2.7 MBProgress (1): 0.6/2.7 MBProgress (1): 0.7/2.7 MBProgress (1): 0.7/2.7 MBProgress (1): 0.7/2.7 MBProgress (1): 0.7/2.7 MBProgress (1): 0.7/2.7 MBProgress (1): 0.7/2.7 MBProgress (1): 0.8/2.7 MBProgress (1): 0.8/2.7 MBProgress (1): 0.8/2.7 MBProgress (1): 0.8/2.7 MBProgress (1): 0.8/2.7 MBProgress (1): 0.8/2.7 MBProgress (1): 0.9/2.7 MBProgress (1): 0.9/2.7 MBProgress (1): 0.9/2.7 MBProgress (1): 0.9/2.7 MBProgress (1): 0.9/2.7 MBProgress (1): 0.9/2.7 MBProgress (1): 1.0/2.7 MBProgress (1): 1.0/2.7 MBProgress (1): 1.0/2.7 MBProgress (1): 1.0/2.7 MBProgress (1): 1.0/2.7 MBProgress (1): 1.0/2.7 MBProgress (1): 1.1/2.7 MBProgress (1): 1.1/2.7 MBProgress (1): 1.1/2.7 MBProgress (1): 1.1/2.7 MBProgress (1): 1.1/2.7 MBProgress (1): 1.1/2.7 MBProgress (1): 1.2/2.7 MBProgress (1): 1.2/2.7 MBProgress (1): 1.2/2.7 MBProgress (1): 1.2/2.7 MBProgress (1): 1.2/2.7 MBProgress (1): 1.2/2.7 MBProgress (1): 1.3/2.7 MBProgress (1): 1.3/2.7 MBProgress (1): 1.3/2.7 MBProgress (1): 1.3/2.7 MBProgress (1): 1.3/2.7 MBProgress (1): 1.3/2.7 MBProgress (1): 1.4/2.7 MBProgress (1): 1.4/2.7 MBProgress (1): 1.4/2.7 MBProgress (1): 1.4/2.7 MBProgress (1): 1.4/2.7 MBProgress (1): 1.4/2.7 MBProgress (1): 1.5/2.7 MBProgress (1): 1.5/2.7 MBProgress (1): 1.5/2.7 MBProgress (1): 1.5/2.7 MBProgress (1): 1.5/2.7 MBProgress (1): 1.5/2.7 MBProgress (1): 1.5/2.7 MBProgress (1): 1.6/2.7 MBProgress (1): 1.6/2.7 MBProgress (1): 1.6/2.7 MBProgress (1): 1.6/2.7 MBProgress (1): 1.6/2.7 MBProgress (1): 1.6/2.7 MBProgress (1): 1.7/2.7 MBProgress (1): 1.7/2.7 MBProgress (1): 1.7/2.7 MBProgress (1): 1.7/2.7 MBProgress (1): 1.7/2.7 MBProgress (1): 1.7/2.7 MBProgress (1): 1.8/2.7 MBProgress (1): 1.8/2.7 MBProgress (1): 1.8/2.7 MBProgress (1): 1.8/2.7 MBProgress (1): 1.8/2.7 MBProgress (1): 1.8/2.7 MBProgress (1): 1.9/2.7 MBProgress (1): 1.9/2.7 MBProgress (1): 1.9/2.7 MBProgress (1): 1.9/2.7 MBProgress (1): 1.9/2.7 MBProgress (1): 1.9/2.7 MBProgress (1): 2.0/2.7 MBProgress (1): 2.0/2.7 MBProgress (1): 2.0/2.7 MBProgress (1): 2.0/2.7 MBProgress (1): 2.0/2.7 MBProgress (1): 2.0/2.7 MBProgress (1): 2.1/2.7 MBProgress (1): 2.1/2.7 MBProgress (1): 2.1/2.7 MBProgress (1): 2.1/2.7 MBProgress (1): 2.1/2.7 MBProgress (1): 2.1/2.7 MBProgress (1): 2.2/2.7 MBProgress (1): 2.2/2.7 MBProgress (1): 2.2/2.7 MBProgress (1): 2.2/2.7 MBProgress (1): 2.2/2.7 MBProgress (1): 2.2/2.7 MBProgress (1): 2.3/2.7 MBProgress (1): 2.3/2.7 MBProgress (1): 2.3/2.7 MBProgress (1): 2.3/2.7 MBProgress (1): 2.3/2.7 MBProgress (1): 2.3/2.7 MBProgress (1): 2.4/2.7 MBProgress (1): 2.4/2.7 MBProgress (1): 2.4/2.7 MBProgress (1): 2.4/2.7 MBProgress (1): 2.4/2.7 MBProgress (1): 2.4/2.7 MBProgress (1): 2.4/2.7 MBProgress (1): 2.5/2.7 MBProgress (1): 2.5/2.7 MBProgress (1): 2.5/2.7 MBProgress (1): 2.5/2.7 MBProgress (1): 2.5/2.7 MBProgress (1): 2.5/2.7 MBProgress (1): 2.6/2.7 MBProgress (1): 2.6/2.7 MBProgress (1): 2.6/2.7 MBProgress (1): 2.6/2.7 MBProgress (1): 2.6/2.7 MBProgress (1): 2.6/2.7 MBProgress (1): 2.7/2.7 MBProgress (1): 2.7/2.7 MBProgress (1): 2.7/2.7 MBProgress (1): 2.7/2.7 MBProgress (1): 2.7/2.7 MBProgress (1): 2.7 MB                        Downloaded from central: https://repo.maven.apache.org/maven2/com/google/guava/guava/25.0-jre/guava-25.0-jre.jar (2.7 MB at 1.7 MB/s)
[INFO] 
[8mha:////4Knu4f71oCJPKeEl4Vg05bgoL8+akWKhKikJHguV753oAAAAYB+LCAAAAAAAAP9b85aBtbiIQSmjNKU4P0+vJLE4u1gvPjexLDVPzxdEGvvmZ+X75ZekLlOVfvTjc8FPJgaGiiIGKaiG5Py84vycVD1nCA1SyAABjCCFBQCV27OjYAAAAA==[0m[INFO] --- maven-resources-plugin:3.1.0:resources (default-resources) @ panda ---
[INFO] Using 'UTF-8' encoding to copy filtered resources.
[INFO] Copying 1 resource
[INFO] Copying 3 resources
[INFO] 
[8mha:////4Knu4f71oCJPKeEl4Vg05bgoL8+akWKhKikJHguV753oAAAAYB+LCAAAAAAAAP9b85aBtbiIQSmjNKU4P0+vJLE4u1gvPjexLDVPzxdEGvvmZ+X75ZekLlOVfvTjc8FPJgaGiiIGKaiG5Py84vycVD1nCA1SyAABjCCFBQCV27OjYAAAAA==[0m[INFO] --- maven-compiler-plugin:3.8.1:compile (default-compile) @ panda ---
[INFO] Changes detected - recompiling the module!
[INFO] Compiling 2 source files to /var/jenkins_home/workspace/CI/target/classes
[INFO] 
[8mha:////4Knu4f71oCJPKeEl4Vg05bgoL8+akWKhKikJHguV753oAAAAYB+LCAAAAAAAAP9b85aBtbiIQSmjNKU4P0+vJLE4u1gvPjexLDVPzxdEGvvmZ+X75ZekLlOVfvTjc8FPJgaGiiIGKaiG5Py84vycVD1nCA1SyAABjCCFBQCV27OjYAAAAA==[0m[INFO] --- maven-compiler-plugin:3.8.1:compile (default) @ panda ---
[INFO] Changes detected - recompiling the module!
[INFO] Compiling 2 source files to /var/jenkins_home/workspace/CI/target/classes
[INFO] 
[8mha:////4Knu4f71oCJPKeEl4Vg05bgoL8+akWKhKikJHguV753oAAAAYB+LCAAAAAAAAP9b85aBtbiIQSmjNKU4P0+vJLE4u1gvPjexLDVPzxdEGvvmZ+X75ZekLlOVfvTjc8FPJgaGiiIGKaiG5Py84vycVD1nCA1SyAABjCCFBQCV27OjYAAAAA==[0m[INFO] --- maven-resources-plugin:3.1.0:testResources (default-testResources) @ panda ---
[INFO] Using 'UTF-8' encoding to copy filtered resources.
[INFO] skip non existing resourceDirectory /var/jenkins_home/workspace/CI/src/test/resources
[INFO] 
[8mha:////4Knu4f71oCJPKeEl4Vg05bgoL8+akWKhKikJHguV753oAAAAYB+LCAAAAAAAAP9b85aBtbiIQSmjNKU4P0+vJLE4u1gvPjexLDVPzxdEGvvmZ+X75ZekLlOVfvTjc8FPJgaGiiIGKaiG5Py84vycVD1nCA1SyAABjCCFBQCV27OjYAAAAA==[0m[INFO] --- maven-compiler-plugin:3.8.1:testCompile (default-testCompile) @ panda ---
[INFO] Changes detected - recompiling the module!
[INFO] Compiling 3 source files to /var/jenkins_home/workspace/CI/target/test-classes
[INFO] 
[8mha:////4Knu4f71oCJPKeEl4Vg05bgoL8+akWKhKikJHguV753oAAAAYB+LCAAAAAAAAP9b85aBtbiIQSmjNKU4P0+vJLE4u1gvPjexLDVPzxdEGvvmZ+X75ZekLlOVfvTjc8FPJgaGiiIGKaiG5Py84vycVD1nCA1SyAABjCCFBQCV27OjYAAAAA==[0m[INFO] --- maven-surefire-plugin:2.22.2:test (default-test) @ panda ---
[INFO] 
[INFO] -------------------------------------------------------
[INFO]  T E S T S
[INFO] -------------------------------------------------------
[INFO] Running pl.pandait.panda.HelloControllerTest
18:27:54.599 [main] DEBUG org.springframework.test.context.BootstrapUtils - Instantiating CacheAwareContextLoaderDelegate from class [org.springframework.test.context.cache.DefaultCacheAwareContextLoaderDelegate]
18:27:54.606 [main] DEBUG org.springframework.test.context.BootstrapUtils - Instantiating BootstrapContext using constructor [public org.springframework.test.context.support.DefaultBootstrapContext(java.lang.Class,org.springframework.test.context.CacheAwareContextLoaderDelegate)]
18:27:54.638 [main] DEBUG org.springframework.test.context.BootstrapUtils - Instantiating TestContextBootstrapper for test class [pl.pandait.panda.HelloControllerTest] from class [org.springframework.boot.test.context.SpringBootTestContextBootstrapper]
18:27:54.651 [main] INFO org.springframework.boot.test.context.SpringBootTestContextBootstrapper - Neither @ContextConfiguration nor @ContextHierarchy found for test class [pl.pandait.panda.HelloControllerTest], using SpringBootContextLoader
18:27:54.656 [main] DEBUG org.springframework.test.context.support.AbstractContextLoader - Did not detect default resource location for test class [pl.pandait.panda.HelloControllerTest]: class path resource [pl/pandait/panda/HelloControllerTest-context.xml] does not exist
18:27:54.657 [main] DEBUG org.springframework.test.context.support.AbstractContextLoader - Did not detect default resource location for test class [pl.pandait.panda.HelloControllerTest]: class path resource [pl/pandait/panda/HelloControllerTestContext.groovy] does not exist
18:27:54.657 [main] INFO org.springframework.test.context.support.AbstractContextLoader - Could not detect default resource locations for test class [pl.pandait.panda.HelloControllerTest]: no resource found for suffixes {-context.xml, Context.groovy}.
18:27:54.658 [main] INFO org.springframework.test.context.support.AnnotationConfigContextLoaderUtils - Could not detect default configuration classes for test class [pl.pandait.panda.HelloControllerTest]: HelloControllerTest does not declare any static, non-private, non-final, nested classes annotated with @Configuration.
18:27:54.694 [main] DEBUG org.springframework.test.context.support.ActiveProfilesUtils - Could not find an 'annotation declaring class' for annotation type [org.springframework.test.context.ActiveProfiles] and class [pl.pandait.panda.HelloControllerTest]
18:27:54.776 [main] DEBUG org.springframework.context.annotation.ClassPathScanningCandidateComponentProvider - Identified candidate component class: file [/var/jenkins_home/workspace/CI/target/classes/pl/pandait/panda/PandaApplication.class]
18:27:54.778 [main] INFO org.springframework.boot.test.context.SpringBootTestContextBootstrapper - Found @SpringBootConfiguration pl.pandait.panda.PandaApplication for test class pl.pandait.panda.HelloControllerTest
18:27:54.834 [main] DEBUG org.springframework.boot.test.context.SpringBootTestContextBootstrapper - @TestExecutionListeners is not present for class [pl.pandait.panda.HelloControllerTest]: using defaults.
18:27:54.834 [main] INFO org.springframework.boot.test.context.SpringBootTestContextBootstrapper - Loaded default TestExecutionListener class names from location [META-INF/spring.factories]: [org.springframework.boot.test.mock.mockito.MockitoTestExecutionListener, org.springframework.boot.test.mock.mockito.ResetMocksTestExecutionListener, org.springframework.boot.test.autoconfigure.restdocs.RestDocsTestExecutionListener, org.springframework.boot.test.autoconfigure.web.client.MockRestServiceServerResetTestExecutionListener, org.springframework.boot.test.autoconfigure.web.servlet.MockMvcPrintOnlyOnFailureTestExecutionListener, org.springframework.boot.test.autoconfigure.web.servlet.WebDriverTestExecutionListener, org.springframework.test.context.web.ServletTestExecutionListener, org.springframework.test.context.support.DirtiesContextBeforeModesTestExecutionListener, org.springframework.test.context.support.DependencyInjectionTestExecutionListener, org.springframework.test.context.support.DirtiesContextTestExecutionListener, org.springframework.test.context.transaction.TransactionalTestExecutionListener, org.springframework.test.context.jdbc.SqlScriptsTestExecutionListener, org.springframework.test.context.event.EventPublishingTestExecutionListener]
18:27:54.841 [main] DEBUG org.springframework.boot.test.context.SpringBootTestContextBootstrapper - Skipping candidate TestExecutionListener [org.springframework.test.context.transaction.TransactionalTestExecutionListener] due to a missing dependency. Specify custom listener classes or make the default listener classes and their required dependencies available. Offending class: [org/springframework/transaction/TransactionDefinition]
18:27:54.841 [main] DEBUG org.springframework.boot.test.context.SpringBootTestContextBootstrapper - Skipping candidate TestExecutionListener [org.springframework.test.context.jdbc.SqlScriptsTestExecutionListener] due to a missing dependency. Specify custom listener classes or make the default listener classes and their required dependencies available. Offending class: [org/springframework/transaction/interceptor/TransactionAttribute]
18:27:54.841 [main] INFO org.springframework.boot.test.context.SpringBootTestContextBootstrapper - Using TestExecutionListeners: [org.springframework.test.context.web.ServletTestExecutionListener@1d131e1b, org.springframework.test.context.support.DirtiesContextBeforeModesTestExecutionListener@71cf1b07, org.springframework.boot.test.mock.mockito.MockitoTestExecutionListener@615091b8, org.springframework.boot.test.autoconfigure.SpringBootDependencyInjectionTestExecutionListener@4fce136b, org.springframework.test.context.support.DirtiesContextTestExecutionListener@4aa83f4f, org.springframework.test.context.event.EventPublishingTestExecutionListener@43b6123e, org.springframework.boot.test.mock.mockito.ResetMocksTestExecutionListener@260e86a1, org.springframework.boot.test.autoconfigure.restdocs.RestDocsTestExecutionListener@19648c40, org.springframework.boot.test.autoconfigure.web.client.MockRestServiceServerResetTestExecutionListener@12bd8a64, org.springframework.boot.test.autoconfigure.web.servlet.MockMvcPrintOnlyOnFailureTestExecutionListener@61e94def, org.springframework.boot.test.autoconfigure.web.servlet.WebDriverTestExecutionListener@3300f4fd]
18:27:54.843 [main] DEBUG org.springframework.test.context.support.AbstractDirtiesContextTestExecutionListener - Before test class: context [DefaultTestContext@18bc345 testClass = HelloControllerTest, testInstance = [null], testMethod = [null], testException = [null], mergedContextConfiguration = [WebMergedContextConfiguration@42f8285e testClass = HelloControllerTest, locations = '{}', classes = '{class pl.pandait.panda.PandaApplication}', contextInitializerClasses = '[]', activeProfiles = '{}', propertySourceLocations = '{}', propertySourceProperties = '{org.springframework.boot.test.context.SpringBootTestContextBootstrapper=true, server.port=0}', contextCustomizers = set[org.springframework.boot.test.context.filter.ExcludeFilterContextCustomizer@3f1d2e23, org.springframework.boot.test.json.DuplicateJsonObjectContextCustomizerFactory$DuplicateJsonObjectContextCustomizer@776a6d9b, org.springframework.boot.test.mock.mockito.MockitoContextCustomizer@0, org.springframework.boot.test.web.client.TestRestTemplateContextCustomizer@389b0789, org.springframework.boot.test.autoconfigure.properties.PropertyMappingContextCustomizer@0, org.springframework.boot.test.autoconfigure.web.servlet.WebDriverContextCustomizerFactory$Customizer@2415fc55], resourceBasePath = 'src/main/webapp', contextLoader = 'org.springframework.boot.test.context.SpringBootContextLoader', parent = [null]], attributes = map['org.springframework.test.context.web.ServletTestExecutionListener.activateListener' -> false]], class annotated with @DirtiesContext [false] with mode [null].
18:27:54.852 [main] DEBUG org.springframework.test.context.support.DependencyInjectionTestExecutionListener - Performing dependency injection for test context [[DefaultTestContext@18bc345 testClass = HelloControllerTest, testInstance = pl.pandait.panda.HelloControllerTest@52d645b1, testMethod = [null], testException = [null], mergedContextConfiguration = [WebMergedContextConfiguration@42f8285e testClass = HelloControllerTest, locations = '{}', classes = '{class pl.pandait.panda.PandaApplication}', contextInitializerClasses = '[]', activeProfiles = '{}', propertySourceLocations = '{}', propertySourceProperties = '{org.springframework.boot.test.context.SpringBootTestContextBootstrapper=true, server.port=0}', contextCustomizers = set[org.springframework.boot.test.context.filter.ExcludeFilterContextCustomizer@3f1d2e23, org.springframework.boot.test.json.DuplicateJsonObjectContextCustomizerFactory$DuplicateJsonObjectContextCustomizer@776a6d9b, org.springframework.boot.test.mock.mockito.MockitoContextCustomizer@0, org.springframework.boot.test.web.client.TestRestTemplateContextCustomizer@389b0789, org.springframework.boot.test.autoconfigure.properties.PropertyMappingContextCustomizer@0, org.springframework.boot.test.autoconfigure.web.servlet.WebDriverContextCustomizerFactory$Customizer@2415fc55], resourceBasePath = 'src/main/webapp', contextLoader = 'org.springframework.boot.test.context.SpringBootContextLoader', parent = [null]], attributes = map['org.springframework.test.context.web.ServletTestExecutionListener.activateListener' -> false]]].
18:27:54.867 [main] DEBUG org.springframework.test.context.support.TestPropertySourceUtils - Adding inlined properties to environment: {spring.jmx.enabled=false, org.springframework.boot.test.context.SpringBootTestContextBootstrapper=true, server.port=0}

  .   ____          _            __ _ _
 /\\ / ___'_ __ _ _(_)_ __  __ _ \ \ \ \
( ( )\___ | '_ | '_| | '_ \/ _` | \ \ \ \
 \\/  ___)| |_)| | | | | || (_| |  ) ) ) )
  '  |____| .__|_| |_|_| |_\__, | / / / /
 =========|_|==============|___/=/_/_/_/
 :: Spring Boot ::        (v2.2.4.RELEASE)

2020-11-09 18:27:55.148  INFO 711 --- [           main] pl.pandait.panda.HelloControllerTest     : Starting HelloControllerTest on b2fd271074a8 with PID 711 (started by jenkins in /var/jenkins_home/workspace/CI)
2020-11-09 18:27:55.149  INFO 711 --- [           main] pl.pandait.panda.HelloControllerTest     : No active profile set, falling back to default profiles: default
2020-11-09 18:27:56.211  INFO 711 --- [           main] o.s.b.w.embedded.tomcat.TomcatWebServer  : Tomcat initialized with port(s): 0 (http)
2020-11-09 18:27:56.224  INFO 711 --- [           main] o.apache.catalina.core.StandardService   : Starting service [Tomcat]
2020-11-09 18:27:56.224  INFO 711 --- [           main] org.apache.catalina.core.StandardEngine  : Starting Servlet engine: [Apache Tomcat/9.0.30]
2020-11-09 18:27:56.309  INFO 711 --- [           main] o.a.c.c.C.[Tomcat].[localhost].[/]       : Initializing Spring embedded WebApplicationContext
2020-11-09 18:27:56.309  INFO 711 --- [           main] o.s.web.context.ContextLoader            : Root WebApplicationContext: initialization completed in 1143 ms
2020-11-09 18:27:56.559  INFO 711 --- [           main] o.s.s.concurrent.ThreadPoolTaskExecutor  : Initializing ExecutorService 'applicationTaskExecutor'
2020-11-09 18:27:56.630  INFO 711 --- [           main] o.s.b.a.w.s.WelcomePageHandlerMapping    : Adding welcome page: class path resource [static/index.html]
2020-11-09 18:27:56.958  INFO 711 --- [           main] o.s.b.w.embedded.tomcat.TomcatWebServer  : Tomcat started on port(s): 34199 (http) with context path ''
2020-11-09 18:27:56.964  INFO 711 --- [           main] pl.pandait.panda.HelloControllerTest     : Started HelloControllerTest in 2.094 seconds (JVM running for 2.918)
2020-11-09 18:27:57.262  INFO 711 --- [           main] o.s.mock.web.MockServletContext          : Initializing Spring TestDispatcherServlet ''
2020-11-09 18:27:57.262  INFO 711 --- [           main] o.s.t.web.servlet.TestDispatcherServlet  : Initializing Servlet ''
2020-11-09 18:27:57.263  INFO 711 --- [           main] o.s.t.web.servlet.TestDispatcherServlet  : Completed initialization in 1 ms
[INFO] Tests run: 1, Failures: 0, Errors: 0, Skipped: 0, Time elapsed: 2.801 s - in pl.pandait.panda.HelloControllerTest
[INFO] Running pl.pandait.panda.PandaApplicationTests
2020-11-09 18:27:57.329  INFO 711 --- [           main] .b.t.c.SpringBootTestContextBootstrapper : Neither @ContextConfiguration nor @ContextHierarchy found for test class [pl.pandait.panda.PandaApplicationTests], using SpringBootContextLoader
2020-11-09 18:27:57.330  INFO 711 --- [           main] o.s.t.c.support.AbstractContextLoader    : Could not detect default resource locations for test class [pl.pandait.panda.PandaApplicationTests]: no resource found for suffixes {-context.xml, Context.groovy}.
2020-11-09 18:27:57.330  INFO 711 --- [           main] t.c.s.AnnotationConfigContextLoaderUtils : Could not detect default configuration classes for test class [pl.pandait.panda.PandaApplicationTests]: PandaApplicationTests does not declare any static, non-private, non-final, nested classes annotated with @Configuration.
2020-11-09 18:27:57.331  INFO 711 --- [           main] .b.t.c.SpringBootTestContextBootstrapper : Found @SpringBootConfiguration pl.pandait.panda.PandaApplication for test class pl.pandait.panda.PandaApplicationTests
2020-11-09 18:27:57.332  INFO 711 --- [           main] .b.t.c.SpringBootTestContextBootstrapper : Loaded default TestExecutionListener class names from location [META-INF/spring.factories]: [org.springframework.boot.test.mock.mockito.MockitoTestExecutionListener, org.springframework.boot.test.mock.mockito.ResetMocksTestExecutionListener, org.springframework.boot.test.autoconfigure.restdocs.RestDocsTestExecutionListener, org.springframework.boot.test.autoconfigure.web.client.MockRestServiceServerResetTestExecutionListener, org.springframework.boot.test.autoconfigure.web.servlet.MockMvcPrintOnlyOnFailureTestExecutionListener, org.springframework.boot.test.autoconfigure.web.servlet.WebDriverTestExecutionListener, org.springframework.test.context.web.ServletTestExecutionListener, org.springframework.test.context.support.DirtiesContextBeforeModesTestExecutionListener, org.springframework.test.context.support.DependencyInjectionTestExecutionListener, org.springframework.test.context.support.DirtiesContextTestExecutionListener, org.springframework.test.context.transaction.TransactionalTestExecutionListener, org.springframework.test.context.jdbc.SqlScriptsTestExecutionListener, org.springframework.test.context.event.EventPublishingTestExecutionListener]
2020-11-09 18:27:57.332  INFO 711 --- [           main] .b.t.c.SpringBootTestContextBootstrapper : Using TestExecutionListeners: [org.springframework.test.context.web.ServletTestExecutionListener@2ba9f986, org.springframework.test.context.support.DirtiesContextBeforeModesTestExecutionListener@4aa3fc9a, org.springframework.boot.test.mock.mockito.MockitoTestExecutionListener@70f4f89e, org.springframework.boot.test.autoconfigure.SpringBootDependencyInjectionTestExecutionListener@634aa81e, org.springframework.test.context.support.DirtiesContextTestExecutionListener@74b1838, org.springframework.test.context.event.EventPublishingTestExecutionListener@52d96367, org.springframework.boot.test.mock.mockito.ResetMocksTestExecutionListener@5be51aa, org.springframework.boot.test.autoconfigure.restdocs.RestDocsTestExecutionListener@3302035b, org.springframework.boot.test.autoconfigure.web.client.MockRestServiceServerResetTestExecutionListener@6c5747db, org.springframework.boot.test.autoconfigure.web.servlet.MockMvcPrintOnlyOnFailureTestExecutionListener@750cd36d, org.springframework.boot.test.autoconfigure.web.servlet.WebDriverTestExecutionListener@2c8ff67]

  .   ____          _            __ _ _
 /\\ / ___'_ __ _ _(_)_ __  __ _ \ \ \ \
( ( )\___ | '_ | '_| | '_ \/ _` | \ \ \ \
 \\/  ___)| |_)| | | | | || (_| |  ) ) ) )
  '  |____| .__|_| |_|_| |_\__, | / / / /
 =========|_|==============|___/=/_/_/_/
 :: Spring Boot ::        (v2.2.4.RELEASE)

2020-11-09 18:27:57.369  INFO 711 --- [           main] pl.pandait.panda.PandaApplicationTests   : Starting PandaApplicationTests on b2fd271074a8 with PID 711 (started by jenkins in /var/jenkins_home/workspace/CI)
2020-11-09 18:27:57.370  INFO 711 --- [           main] pl.pandait.panda.PandaApplicationTests   : No active profile set, falling back to default profiles: default
2020-11-09 18:27:57.575  INFO 711 --- [           main] o.s.s.concurrent.ThreadPoolTaskExecutor  : Initializing ExecutorService 'applicationTaskExecutor'
2020-11-09 18:27:57.588  INFO 711 --- [           main] o.s.b.a.w.s.WelcomePageHandlerMapping    : Adding welcome page: class path resource [static/index.html]
2020-11-09 18:27:57.662  INFO 711 --- [           main] pl.pandait.panda.PandaApplicationTests   : Started PandaApplicationTests in 0.327 seconds (JVM running for 3.616)
[INFO] Tests run: 1, Failures: 0, Errors: 0, Skipped: 0, Time elapsed: 0.282 s - in pl.pandait.panda.PandaApplicationTests
2020-11-09 18:27:57.710  INFO 711 --- [extShutdownHook] o.s.s.concurrent.ThreadPoolTaskExecutor  : Shutting down ExecutorService 'applicationTaskExecutor'
2020-11-09 18:27:57.710  INFO 711 --- [extShutdownHook] o.s.s.concurrent.ThreadPoolTaskExecutor  : Shutting down ExecutorService 'applicationTaskExecutor'
[INFO] 
[INFO] Results:
[INFO] 
[INFO] Tests run: 2, Failures: 0, Errors: 0, Skipped: 0
[INFO] 
[INFO] 
[8mha:////4Knu4f71oCJPKeEl4Vg05bgoL8+akWKhKikJHguV753oAAAAYB+LCAAAAAAAAP9b85aBtbiIQSmjNKU4P0+vJLE4u1gvPjexLDVPzxdEGvvmZ+X75ZekLlOVfvTjc8FPJgaGiiIGKaiG5Py84vycVD1nCA1SyAABjCCFBQCV27OjYAAAAA==[0m[INFO] --- maven-surefire-plugin:2.22.2:test (default) @ panda ---
[INFO] Skipping execution of surefire because it has already been run for this configuration
[INFO] 
[8mha:////4Knu4f71oCJPKeEl4Vg05bgoL8+akWKhKikJHguV753oAAAAYB+LCAAAAAAAAP9b85aBtbiIQSmjNKU4P0+vJLE4u1gvPjexLDVPzxdEGvvmZ+X75ZekLlOVfvTjc8FPJgaGiiIGKaiG5Py84vycVD1nCA1SyAABjCCFBQCV27OjYAAAAA==[0m[INFO] --- maven-jar-plugin:3.1.2:jar (default-jar) @ panda ---
[INFO] Building jar: /var/jenkins_home/workspace/CI/target/panda-0.0.2-SNAPSHOT.jar
[INFO] 
[8mha:////4Knu4f71oCJPKeEl4Vg05bgoL8+akWKhKikJHguV753oAAAAYB+LCAAAAAAAAP9b85aBtbiIQSmjNKU4P0+vJLE4u1gvPjexLDVPzxdEGvvmZ+X75ZekLlOVfvTjc8FPJgaGiiIGKaiG5Py84vycVD1nCA1SyAABjCCFBQCV27OjYAAAAA==[0m[INFO] --- spring-boot-maven-plugin:2.2.4.RELEASE:repackage (repackage) @ panda ---
[INFO] Replacing main artifact with repackaged archive
[INFO] 
[8mha:////4Knu4f71oCJPKeEl4Vg05bgoL8+akWKhKikJHguV753oAAAAYB+LCAAAAAAAAP9b85aBtbiIQSmjNKU4P0+vJLE4u1gvPjexLDVPzxdEGvvmZ+X75ZekLlOVfvTjc8FPJgaGiiIGKaiG5Py84vycVD1nCA1SyAABjCCFBQCV27OjYAAAAA==[0m[INFO] --- maven-install-plugin:2.5.2:install (default-install) @ panda ---
[INFO] Installing /var/jenkins_home/workspace/CI/target/panda-0.0.2-SNAPSHOT.jar to /var/jenkins_home/.m2/repository/pl/pandait/panda/0.0.2-SNAPSHOT/panda-0.0.2-SNAPSHOT.jar
[INFO] Installing /var/jenkins_home/workspace/CI/pom.xml to /var/jenkins_home/.m2/repository/pl/pandait/panda/0.0.2-SNAPSHOT/panda-0.0.2-SNAPSHOT.pom
[INFO] ------------------------------------------------------------------------
[INFO] BUILD SUCCESS
[INFO] ------------------------------------------------------------------------
[INFO] Total time:  13.911 s
[INFO] Finished at: 2020-11-09T18:27:59Z
[INFO] ------------------------------------------------------------------------
[CI] $ /var/jenkins_home/tools/hudson.tasks.Maven_MavenInstallation/auto_maven/bin/mvn test -Pselenium
[INFO] Scanning for projects...
[INFO] 
[INFO] --------------------------< pl.pandait:panda >--------------------------
[INFO] Building panda 0.0.2-SNAPSHOT
[INFO] --------------------------------[ jar ]---------------------------------
[INFO] 
[8mha:////4Knu4f71oCJPKeEl4Vg05bgoL8+akWKhKikJHguV753oAAAAYB+LCAAAAAAAAP9b85aBtbiIQSmjNKU4P0+vJLE4u1gvPjexLDVPzxdEGvvmZ+X75ZekLlOVfvTjc8FPJgaGiiIGKaiG5Py84vycVD1nCA1SyAABjCCFBQCV27OjYAAAAA==[0m[INFO] --- maven-resources-plugin:3.1.0:resources (default-resources) @ panda ---
[INFO] Using 'UTF-8' encoding to copy filtered resources.
[INFO] Copying 1 resource
[INFO] Copying 3 resources
[INFO] 
[8mha:////4Knu4f71oCJPKeEl4Vg05bgoL8+akWKhKikJHguV753oAAAAYB+LCAAAAAAAAP9b85aBtbiIQSmjNKU4P0+vJLE4u1gvPjexLDVPzxdEGvvmZ+X75ZekLlOVfvTjc8FPJgaGiiIGKaiG5Py84vycVD1nCA1SyAABjCCFBQCV27OjYAAAAA==[0m[INFO] --- maven-compiler-plugin:3.8.1:compile (default-compile) @ panda ---
[INFO] Nothing to compile - all classes are up to date
[INFO] 
[8mha:////4Knu4f71oCJPKeEl4Vg05bgoL8+akWKhKikJHguV753oAAAAYB+LCAAAAAAAAP9b85aBtbiIQSmjNKU4P0+vJLE4u1gvPjexLDVPzxdEGvvmZ+X75ZekLlOVfvTjc8FPJgaGiiIGKaiG5Py84vycVD1nCA1SyAABjCCFBQCV27OjYAAAAA==[0m[INFO] --- maven-compiler-plugin:3.8.1:compile (default) @ panda ---
[INFO] Changes detected - recompiling the module!
[INFO] Compiling 2 source files to /var/jenkins_home/workspace/CI/target/classes
[INFO] 
[8mha:////4Knu4f71oCJPKeEl4Vg05bgoL8+akWKhKikJHguV753oAAAAYB+LCAAAAAAAAP9b85aBtbiIQSmjNKU4P0+vJLE4u1gvPjexLDVPzxdEGvvmZ+X75ZekLlOVfvTjc8FPJgaGiiIGKaiG5Py84vycVD1nCA1SyAABjCCFBQCV27OjYAAAAA==[0m[INFO] --- maven-resources-plugin:3.1.0:testResources (default-testResources) @ panda ---
[INFO] Using 'UTF-8' encoding to copy filtered resources.
[INFO] skip non existing resourceDirectory /var/jenkins_home/workspace/CI/src/test/resources
[INFO] 
[8mha:////4Knu4f71oCJPKeEl4Vg05bgoL8+akWKhKikJHguV753oAAAAYB+LCAAAAAAAAP9b85aBtbiIQSmjNKU4P0+vJLE4u1gvPjexLDVPzxdEGvvmZ+X75ZekLlOVfvTjc8FPJgaGiiIGKaiG5Py84vycVD1nCA1SyAABjCCFBQCV27OjYAAAAA==[0m[INFO] --- maven-compiler-plugin:3.8.1:testCompile (default-testCompile) @ panda ---
[INFO] Changes detected - recompiling the module!
[INFO] Compiling 3 source files to /var/jenkins_home/workspace/CI/target/test-classes
[INFO] 
[8mha:////4Knu4f71oCJPKeEl4Vg05bgoL8+akWKhKikJHguV753oAAAAYB+LCAAAAAAAAP9b85aBtbiIQSmjNKU4P0+vJLE4u1gvPjexLDVPzxdEGvvmZ+X75ZekLlOVfvTjc8FPJgaGiiIGKaiG5Py84vycVD1nCA1SyAABjCCFBQCV27OjYAAAAA==[0m[INFO] --- maven-surefire-plugin:2.22.2:test (default-test) @ panda ---
[INFO] 
[INFO] -------------------------------------------------------
[INFO]  T E S T S
[INFO] -------------------------------------------------------
[INFO] Running pl.pandait.panda.PandaApplicationSeleniumTest
18:28:02.992 [main] DEBUG org.springframework.test.context.BootstrapUtils - Instantiating CacheAwareContextLoaderDelegate from class [org.springframework.test.context.cache.DefaultCacheAwareContextLoaderDelegate]
18:28:03.002 [main] DEBUG org.springframework.test.context.BootstrapUtils - Instantiating BootstrapContext using constructor [public org.springframework.test.context.support.DefaultBootstrapContext(java.lang.Class,org.springframework.test.context.CacheAwareContextLoaderDelegate)]
18:28:03.021 [main] DEBUG org.springframework.test.context.BootstrapUtils - Instantiating TestContextBootstrapper for test class [pl.pandait.panda.PandaApplicationSeleniumTest] from class [org.springframework.boot.test.context.SpringBootTestContextBootstrapper]
18:28:03.031 [main] INFO org.springframework.boot.test.context.SpringBootTestContextBootstrapper - Neither @ContextConfiguration nor @ContextHierarchy found for test class [pl.pandait.panda.PandaApplicationSeleniumTest], using SpringBootContextLoader
18:28:03.033 [main] DEBUG org.springframework.test.context.support.AbstractContextLoader - Did not detect default resource location for test class [pl.pandait.panda.PandaApplicationSeleniumTest]: class path resource [pl/pandait/panda/PandaApplicationSeleniumTest-context.xml] does not exist
18:28:03.034 [main] DEBUG org.springframework.test.context.support.AbstractContextLoader - Did not detect default resource location for test class [pl.pandait.panda.PandaApplicationSeleniumTest]: class path resource [pl/pandait/panda/PandaApplicationSeleniumTestContext.groovy] does not exist
18:28:03.034 [main] INFO org.springframework.test.context.support.AbstractContextLoader - Could not detect default resource locations for test class [pl.pandait.panda.PandaApplicationSeleniumTest]: no resource found for suffixes {-context.xml, Context.groovy}.
18:28:03.059 [main] DEBUG org.springframework.test.context.support.ActiveProfilesUtils - Could not find an 'annotation declaring class' for annotation type [org.springframework.test.context.ActiveProfiles] and class [pl.pandait.panda.PandaApplicationSeleniumTest]
18:28:03.134 [main] DEBUG org.springframework.boot.test.context.SpringBootTestContextBootstrapper - @TestExecutionListeners is not present for class [pl.pandait.panda.PandaApplicationSeleniumTest]: using defaults.
18:28:03.134 [main] INFO org.springframework.boot.test.context.SpringBootTestContextBootstrapper - Loaded default TestExecutionListener class names from location [META-INF/spring.factories]: [org.springframework.boot.test.mock.mockito.MockitoTestExecutionListener, org.springframework.boot.test.mock.mockito.ResetMocksTestExecutionListener, org.springframework.boot.test.autoconfigure.restdocs.RestDocsTestExecutionListener, org.springframework.boot.test.autoconfigure.web.client.MockRestServiceServerResetTestExecutionListener, org.springframework.boot.test.autoconfigure.web.servlet.MockMvcPrintOnlyOnFailureTestExecutionListener, org.springframework.boot.test.autoconfigure.web.servlet.WebDriverTestExecutionListener, org.springframework.test.context.web.ServletTestExecutionListener, org.springframework.test.context.support.DirtiesContextBeforeModesTestExecutionListener, org.springframework.test.context.support.DependencyInjectionTestExecutionListener, org.springframework.test.context.support.DirtiesContextTestExecutionListener, org.springframework.test.context.transaction.TransactionalTestExecutionListener, org.springframework.test.context.jdbc.SqlScriptsTestExecutionListener, org.springframework.test.context.event.EventPublishingTestExecutionListener]
18:28:03.139 [main] DEBUG org.springframework.boot.test.context.SpringBootTestContextBootstrapper - Skipping candidate TestExecutionListener [org.springframework.test.context.transaction.TransactionalTestExecutionListener] due to a missing dependency. Specify custom listener classes or make the default listener classes and their required dependencies available. Offending class: [org/springframework/transaction/TransactionDefinition]
18:28:03.140 [main] DEBUG org.springframework.boot.test.context.SpringBootTestContextBootstrapper - Skipping candidate TestExecutionListener [org.springframework.test.context.jdbc.SqlScriptsTestExecutionListener] due to a missing dependency. Specify custom listener classes or make the default listener classes and their required dependencies available. Offending class: [org/springframework/transaction/interceptor/TransactionAttribute]
18:28:03.140 [main] INFO org.springframework.boot.test.context.SpringBootTestContextBootstrapper - Using TestExecutionListeners: [org.springframework.test.context.web.ServletTestExecutionListener@115667d, org.springframework.test.context.support.DirtiesContextBeforeModesTestExecutionListener@736caf7a, org.springframework.boot.test.mock.mockito.MockitoTestExecutionListener@4ce7fffa, org.springframework.boot.test.autoconfigure.SpringBootDependencyInjectionTestExecutionListener@497486b3, org.springframework.test.context.support.DirtiesContextTestExecutionListener@63f8276e, org.springframework.test.context.event.EventPublishingTestExecutionListener@75f95314, org.springframework.boot.test.mock.mockito.ResetMocksTestExecutionListener@6127a7e, org.springframework.boot.test.autoconfigure.restdocs.RestDocsTestExecutionListener@6bbe2511, org.springframework.boot.test.autoconfigure.web.client.MockRestServiceServerResetTestExecutionListener@495fac5f, org.springframework.boot.test.autoconfigure.web.servlet.MockMvcPrintOnlyOnFailureTestExecutionListener@76012793, org.springframework.boot.test.autoconfigure.web.servlet.WebDriverTestExecutionListener@635572a7]
18:28:03.142 [main] DEBUG org.springframework.test.context.support.AbstractDirtiesContextTestExecutionListener - Before test class: context [DefaultTestContext@2d6764b2 testClass = PandaApplicationSeleniumTest, testInstance = [null], testMethod = [null], testException = [null], mergedContextConfiguration = [WebMergedContextConfiguration@67304a40 testClass = PandaApplicationSeleniumTest, locations = '{}', classes = '{class pl.pandait.panda.PandaApplication, class pl.pandait.panda.PandaApplication}', contextInitializerClasses = '[]', activeProfiles = '{}', propertySourceLocations = '{}', propertySourceProperties = '{org.springframework.boot.test.context.SpringBootTestContextBootstrapper=true}', contextCustomizers = set[org.springframework.boot.test.context.filter.ExcludeFilterContextCustomizer@81d9a72, org.springframework.boot.test.json.DuplicateJsonObjectContextCustomizerFactory$DuplicateJsonObjectContextCustomizer@2ca26d77, org.springframework.boot.test.mock.mockito.MockitoContextCustomizer@0, org.springframework.boot.test.web.client.TestRestTemplateContextCustomizer@6b0d80ed, org.springframework.boot.test.autoconfigure.properties.PropertyMappingContextCustomizer@0, org.springframework.boot.test.autoconfigure.web.servlet.WebDriverContextCustomizerFactory$Customizer@6950ed69], resourceBasePath = 'src/main/webapp', contextLoader = 'org.springframework.boot.test.context.SpringBootContextLoader', parent = [null]], attributes = map['org.springframework.test.context.web.ServletTestExecutionListener.activateListener' -> false]], class annotated with @DirtiesContext [false] with mode [null].
18:28:03.148 [main] DEBUG org.springframework.test.context.support.DependencyInjectionTestExecutionListener - Performing dependency injection for test context [[DefaultTestContext@2d6764b2 testClass = PandaApplicationSeleniumTest, testInstance = pl.pandait.panda.PandaApplicationSeleniumTest@6ad59d92, testMethod = [null], testException = [null], mergedContextConfiguration = [WebMergedContextConfiguration@67304a40 testClass = PandaApplicationSeleniumTest, locations = '{}', classes = '{class pl.pandait.panda.PandaApplication, class pl.pandait.panda.PandaApplication}', contextInitializerClasses = '[]', activeProfiles = '{}', propertySourceLocations = '{}', propertySourceProperties = '{org.springframework.boot.test.context.SpringBootTestContextBootstrapper=true}', contextCustomizers = set[org.springframework.boot.test.context.filter.ExcludeFilterContextCustomizer@81d9a72, org.springframework.boot.test.json.DuplicateJsonObjectContextCustomizerFactory$DuplicateJsonObjectContextCustomizer@2ca26d77, org.springframework.boot.test.mock.mockito.MockitoContextCustomizer@0, org.springframework.boot.test.web.client.TestRestTemplateContextCustomizer@6b0d80ed, org.springframework.boot.test.autoconfigure.properties.PropertyMappingContextCustomizer@0, org.springframework.boot.test.autoconfigure.web.servlet.WebDriverContextCustomizerFactory$Customizer@6950ed69], resourceBasePath = 'src/main/webapp', contextLoader = 'org.springframework.boot.test.context.SpringBootContextLoader', parent = [null]], attributes = map['org.springframework.test.context.web.ServletTestExecutionListener.activateListener' -> false]]].
18:28:03.160 [main] DEBUG org.springframework.test.context.support.TestPropertySourceUtils - Adding inlined properties to environment: {spring.jmx.enabled=false, org.springframework.boot.test.context.SpringBootTestContextBootstrapper=true}

  .   ____          _            __ _ _
 /\\ / ___'_ __ _ _(_)_ __  __ _ \ \ \ \
( ( )\___ | '_ | '_| | '_ \/ _` | \ \ \ \
 \\/  ___)| |_)| | | | | || (_| |  ) ) ) )
  '  |____| .__|_| |_|_| |_\__, | / / / /
 =========|_|==============|___/=/_/_/_/
 :: Spring Boot ::        (v2.2.4.RELEASE)

2020-11-09 18:28:03.375  INFO 809 --- [           main] p.p.panda.PandaApplicationSeleniumTest   : Starting PandaApplicationSeleniumTest on b2fd271074a8 with PID 809 (started by jenkins in /var/jenkins_home/workspace/CI)
2020-11-09 18:28:03.376  INFO 809 --- [           main] p.p.panda.PandaApplicationSeleniumTest   : No active profile set, falling back to default profiles: default
2020-11-09 18:28:04.129  INFO 809 --- [           main] o.s.b.w.embedded.tomcat.TomcatWebServer  : Tomcat initialized with port(s): 8083 (http)
2020-11-09 18:28:04.138  INFO 809 --- [           main] o.apache.catalina.core.StandardService   : Starting service [Tomcat]
2020-11-09 18:28:04.138  INFO 809 --- [           main] org.apache.catalina.core.StandardEngine  : Starting Servlet engine: [Apache Tomcat/9.0.30]
2020-11-09 18:28:04.207  INFO 809 --- [           main] o.a.c.c.C.[Tomcat].[localhost].[/]       : Initializing Spring embedded WebApplicationContext
2020-11-09 18:28:04.207  INFO 809 --- [           main] o.s.web.context.ContextLoader            : Root WebApplicationContext: initialization completed in 819 ms
2020-11-09 18:28:04.423  INFO 809 --- [           main] o.s.s.concurrent.ThreadPoolTaskExecutor  : Initializing ExecutorService 'applicationTaskExecutor'
2020-11-09 18:28:04.477  INFO 809 --- [           main] o.s.b.a.w.s.WelcomePageHandlerMapping    : Adding welcome page: class path resource [static/index.html]
2020-11-09 18:28:04.772  INFO 809 --- [           main] o.s.b.w.embedded.tomcat.TomcatWebServer  : Tomcat started on port(s): 8083 (http) with context path ''
2020-11-09 18:28:04.774  INFO 809 --- [           main] p.p.panda.PandaApplicationSeleniumTest   : Started PandaApplicationSeleniumTest in 1.612 seconds (JVM running for 2.267)
2020-11-09 18:28:04.966  INFO 809 --- [           main] org.openqa.selenium.Capabilities         : Using `new FirefoxOptions()` is preferred to `DesiredCapabilities.firefox()`
2020-11-09 18:28:10.725  INFO 809 --- [ null to remote] o.o.selenium.remote.ProtocolHandshake    : Detected dialect: W3C
2020-11-09 18:28:11.709  INFO 809 --- [           main] org.openqa.selenium.Capabilities         : Using `new FirefoxOptions()` is preferred to `DesiredCapabilities.firefox()`
2020-11-09 18:28:14.450  INFO 809 --- [ null to remote] o.o.selenium.remote.ProtocolHandshake    : Detected dialect: W3C
[8mha:////4JO5qFAcWo7d+PGpyjZGiIKHVqO7xEnSXLLKGb5sXj11AAAAYB+LCAAAAAAAAP9b85aBtbiIQSmjNKU4P0+vJLE4u1gvPjexLDVPzxdEuhYV5Rf55ZekOlc7RKnPKH7IxMBQUcQgBdWQnJ9XnJ+TqucMoUEKGSCAEaSwAACsNFCqYAAAAA==[0m[ERROR] Tests run: 2, Failures: 0, Errors: 2, Skipped: 0, Time elapsed: 12.533 s <<< FAILURE! - in pl.pandait.panda.PandaApplicationSeleniumTest
[8mha:////4JO5qFAcWo7d+PGpyjZGiIKHVqO7xEnSXLLKGb5sXj11AAAAYB+LCAAAAAAAAP9b85aBtbiIQSmjNKU4P0+vJLE4u1gvPjexLDVPzxdEuhYV5Rf55ZekOlc7RKnPKH7IxMBQUcQgBdWQnJ9XnJ+TqucMoUEKGSCAEaSwAACsNFCqYAAAAA==[0m[ERROR] greetings_shouldOpenMainPageThenReturnWelcomeText  Time elapsed: 7.053 s  <<< ERROR!
org.openqa.selenium.WebDriverException: 
Reached error page: about:neterror?e=connectionFailure&u=http%3A//192.168.44.44%3A8083/&c=UTF-8&d=Firefox%20can%E2%80%99t%20establish%20a%20connection%20to%20the%20server%20at%20192.168.44.44%3A8083.
Build info: version: '3.141.59', revision: 'e82be7d358', time: '2018-11-14T08:17:03'
System info: host: 'b2fd271074a8', ip: '172.18.0.4', os.name: 'Linux', os.arch: 'amd64', os.version: '4.15.0-112-generic', java.version: '11.0.9'
Driver info: org.openqa.selenium.remote.RemoteWebDriver
Capabilities {acceptInsecureCerts: true, browserName: firefox, browserVersion: 81.0.1, javascriptEnabled: true, moz:accessibilityChecks: false, moz:buildID: 20200930150533, moz:geckodriverVersion: 0.27.0, moz:headless: false, moz:processID: 5470, moz:profile: /tmp/rust_mozprofileXtA7JE, moz:shutdownTimeout: 60000, moz:useNonSpecCompliantPointerOrigin: false, moz:webdriverClick: true, pageLoadStrategy: normal, platform: LINUX, platformName: LINUX, platformVersion: 4.15.0-112-generic, rotatable: false, setWindowRect: true, strictFileInteractability: false, timeouts: {implicit: 0, pageLoad: 300000, script: 30000}, unhandledPromptBehavior: dismiss and notify, webdriver.remote.sessionid: 8a4d08a9-9a36-4a1d-a798-007...}
Session ID: 8a4d08a9-9a36-4a1d-a798-007804eca00b
	at pl.pandait.panda.PandaApplicationSeleniumTest.startup(PandaApplicationSeleniumTest.java:35)

[8mha:////4JO5qFAcWo7d+PGpyjZGiIKHVqO7xEnSXLLKGb5sXj11AAAAYB+LCAAAAAAAAP9b85aBtbiIQSmjNKU4P0+vJLE4u1gvPjexLDVPzxdEuhYV5Rf55ZekOlc7RKnPKH7IxMBQUcQgBdWQnJ9XnJ+TqucMoUEKGSCAEaSwAACsNFCqYAAAAA==[0m[ERROR] greetings_shouldOpenSubpageThenReturnGreetingsText  Time elapsed: 3.61 s  <<< ERROR!
org.openqa.selenium.WebDriverException: 
Reached error page: about:neterror?e=connectionFailure&u=http%3A//192.168.44.44%3A8083/&c=UTF-8&d=Firefox%20can%E2%80%99t%20establish%20a%20connection%20to%20the%20server%20at%20192.168.44.44%3A8083.
Build info: version: '3.141.59', revision: 'e82be7d358', time: '2018-11-14T08:17:03'
System info: host: 'b2fd271074a8', ip: '172.18.0.4', os.name: 'Linux', os.arch: 'amd64', os.version: '4.15.0-112-generic', java.version: '11.0.9'
Driver info: org.openqa.selenium.remote.RemoteWebDriver
Capabilities {acceptInsecureCerts: true, browserName: firefox, browserVersion: 81.0.1, javascriptEnabled: true, moz:accessibilityChecks: false, moz:buildID: 20200930150533, moz:geckodriverVersion: 0.27.0, moz:headless: false, moz:processID: 5915, moz:profile: /tmp/rust_mozprofileUOHi1z, moz:shutdownTimeout: 60000, moz:useNonSpecCompliantPointerOrigin: false, moz:webdriverClick: true, pageLoadStrategy: normal, platform: LINUX, platformName: LINUX, platformVersion: 4.15.0-112-generic, rotatable: false, setWindowRect: true, strictFileInteractability: false, timeouts: {implicit: 0, pageLoad: 300000, script: 30000}, unhandledPromptBehavior: dismiss and notify, webdriver.remote.sessionid: 439f9667-06c6-4a5b-b573-1b0...}
Session ID: 439f9667-06c6-4a5b-b573-1b09a5168e16
	at pl.pandait.panda.PandaApplicationSeleniumTest.startup(PandaApplicationSeleniumTest.java:35)

2020-11-09 18:28:15.531  INFO 809 --- [extShutdownHook] o.s.s.concurrent.ThreadPoolTaskExecutor  : Shutting down ExecutorService 'applicationTaskExecutor'
[INFO] 
[INFO] Results:
[INFO] 
[8mha:////4JO5qFAcWo7d+PGpyjZGiIKHVqO7xEnSXLLKGb5sXj11AAAAYB+LCAAAAAAAAP9b85aBtbiIQSmjNKU4P0+vJLE4u1gvPjexLDVPzxdEuhYV5Rf55ZekOlc7RKnPKH7IxMBQUcQgBdWQnJ9XnJ+TqucMoUEKGSCAEaSwAACsNFCqYAAAAA==[0m[ERROR] Errors: 
[8mha:////4JO5qFAcWo7d+PGpyjZGiIKHVqO7xEnSXLLKGb5sXj11AAAAYB+LCAAAAAAAAP9b85aBtbiIQSmjNKU4P0+vJLE4u1gvPjexLDVPzxdEuhYV5Rf55ZekOlc7RKnPKH7IxMBQUcQgBdWQnJ9XnJ+TqucMoUEKGSCAEaSwAACsNFCqYAAAAA==[0m[ERROR]   PandaApplicationSeleniumTest.startup:35 » WebDriver Reached error page: about:...
[8mha:////4JO5qFAcWo7d+PGpyjZGiIKHVqO7xEnSXLLKGb5sXj11AAAAYB+LCAAAAAAAAP9b85aBtbiIQSmjNKU4P0+vJLE4u1gvPjexLDVPzxdEuhYV5Rf55ZekOlc7RKnPKH7IxMBQUcQgBdWQnJ9XnJ+TqucMoUEKGSCAEaSwAACsNFCqYAAAAA==[0m[ERROR]   PandaApplicationSeleniumTest.startup:35 » WebDriver Reached error page: about:...
[INFO] 
[8mha:////4JO5qFAcWo7d+PGpyjZGiIKHVqO7xEnSXLLKGb5sXj11AAAAYB+LCAAAAAAAAP9b85aBtbiIQSmjNKU4P0+vJLE4u1gvPjexLDVPzxdEuhYV5Rf55ZekOlc7RKnPKH7IxMBQUcQgBdWQnJ9XnJ+TqucMoUEKGSCAEaSwAACsNFCqYAAAAA==[0m[ERROR] Tests run: 2, Failures: 0, Errors: 2, Skipped: 0
[INFO] 
[INFO] ------------------------------------------------------------------------
[INFO] BUILD FAILURE
[INFO] ------------------------------------------------------------------------
[INFO] Total time:  15.362 s
[INFO] Finished at: 2020-11-09T18:28:16Z
[INFO] ------------------------------------------------------------------------
[8mha:////4JO5qFAcWo7d+PGpyjZGiIKHVqO7xEnSXLLKGb5sXj11AAAAYB+LCAAAAAAAAP9b85aBtbiIQSmjNKU4P0+vJLE4u1gvPjexLDVPzxdEuhYV5Rf55ZekOlc7RKnPKH7IxMBQUcQgBdWQnJ9XnJ+TqucMoUEKGSCAEaSwAACsNFCqYAAAAA==[0m[ERROR] Failed to execute goal org.apache.maven.plugins:maven-surefire-plugin:2.22.2:test (default-test) on project panda: There are test failures.
[8mha:////4JO5qFAcWo7d+PGpyjZGiIKHVqO7xEnSXLLKGb5sXj11AAAAYB+LCAAAAAAAAP9b85aBtbiIQSmjNKU4P0+vJLE4u1gvPjexLDVPzxdEuhYV5Rf55ZekOlc7RKnPKH7IxMBQUcQgBdWQnJ9XnJ+TqucMoUEKGSCAEaSwAACsNFCqYAAAAA==[0m[ERROR] 
[8mha:////4JO5qFAcWo7d+PGpyjZGiIKHVqO7xEnSXLLKGb5sXj11AAAAYB+LCAAAAAAAAP9b85aBtbiIQSmjNKU4P0+vJLE4u1gvPjexLDVPzxdEuhYV5Rf55ZekOlc7RKnPKH7IxMBQUcQgBdWQnJ9XnJ+TqucMoUEKGSCAEaSwAACsNFCqYAAAAA==[0m[ERROR] Please refer to /var/jenkins_home/workspace/CI/target/surefire-reports for the individual test results.
[8mha:////4JO5qFAcWo7d+PGpyjZGiIKHVqO7xEnSXLLKGb5sXj11AAAAYB+LCAAAAAAAAP9b85aBtbiIQSmjNKU4P0+vJLE4u1gvPjexLDVPzxdEuhYV5Rf55ZekOlc7RKnPKH7IxMBQUcQgBdWQnJ9XnJ+TqucMoUEKGSCAEaSwAACsNFCqYAAAAA==[0m[ERROR] Please refer to dump files (if any exist) [date].dump, [date]-jvmRun[N].dump and [date].dumpstream.
[8mha:////4JO5qFAcWo7d+PGpyjZGiIKHVqO7xEnSXLLKGb5sXj11AAAAYB+LCAAAAAAAAP9b85aBtbiIQSmjNKU4P0+vJLE4u1gvPjexLDVPzxdEuhYV5Rf55ZekOlc7RKnPKH7IxMBQUcQgBdWQnJ9XnJ+TqucMoUEKGSCAEaSwAACsNFCqYAAAAA==[0m[ERROR] -> [Help 1]
[8mha:////4JO5qFAcWo7d+PGpyjZGiIKHVqO7xEnSXLLKGb5sXj11AAAAYB+LCAAAAAAAAP9b85aBtbiIQSmjNKU4P0+vJLE4u1gvPjexLDVPzxdEuhYV5Rf55ZekOlc7RKnPKH7IxMBQUcQgBdWQnJ9XnJ+TqucMoUEKGSCAEaSwAACsNFCqYAAAAA==[0m[ERROR] 
[8mha:////4JO5qFAcWo7d+PGpyjZGiIKHVqO7xEnSXLLKGb5sXj11AAAAYB+LCAAAAAAAAP9b85aBtbiIQSmjNKU4P0+vJLE4u1gvPjexLDVPzxdEuhYV5Rf55ZekOlc7RKnPKH7IxMBQUcQgBdWQnJ9XnJ+TqucMoUEKGSCAEaSwAACsNFCqYAAAAA==[0m[ERROR] To see the full stack trace of the errors, re-run Maven with the -e switch.
[8mha:////4JO5qFAcWo7d+PGpyjZGiIKHVqO7xEnSXLLKGb5sXj11AAAAYB+LCAAAAAAAAP9b85aBtbiIQSmjNKU4P0+vJLE4u1gvPjexLDVPzxdEuhYV5Rf55ZekOlc7RKnPKH7IxMBQUcQgBdWQnJ9XnJ+TqucMoUEKGSCAEaSwAACsNFCqYAAAAA==[0m[ERROR] Re-run Maven using the -X switch to enable full debug logging.
[8mha:////4JO5qFAcWo7d+PGpyjZGiIKHVqO7xEnSXLLKGb5sXj11AAAAYB+LCAAAAAAAAP9b85aBtbiIQSmjNKU4P0+vJLE4u1gvPjexLDVPzxdEuhYV5Rf55ZekOlc7RKnPKH7IxMBQUcQgBdWQnJ9XnJ+TqucMoUEKGSCAEaSwAACsNFCqYAAAAA==[0m[ERROR] 
[8mha:////4JO5qFAcWo7d+PGpyjZGiIKHVqO7xEnSXLLKGb5sXj11AAAAYB+LCAAAAAAAAP9b85aBtbiIQSmjNKU4P0+vJLE4u1gvPjexLDVPzxdEuhYV5Rf55ZekOlc7RKnPKH7IxMBQUcQgBdWQnJ9XnJ+TqucMoUEKGSCAEaSwAACsNFCqYAAAAA==[0m[ERROR] For more information about the errors and possible solutions, please read the following articles:
[8mha:////4JO5qFAcWo7d+PGpyjZGiIKHVqO7xEnSXLLKGb5sXj11AAAAYB+LCAAAAAAAAP9b85aBtbiIQSmjNKU4P0+vJLE4u1gvPjexLDVPzxdEuhYV5Rf55ZekOlc7RKnPKH7IxMBQUcQgBdWQnJ9XnJ+TqucMoUEKGSCAEaSwAACsNFCqYAAAAA==[0m[ERROR] [Help 1] http://cwiki.apache.org/confluence/display/MAVEN/MojoFailureException
Build step 'Invoke top-level Maven targets' marked build as failure
Finished: FAILURE
